{"timestamp":"2026-03-23T12:09:32.482447","level":"info","event":"DAG bundles loaded: dags-folder","logger":"airflow.dag_processing.bundles.manager.DagBundlesManager"}
{"timestamp":"2026-03-23T12:09:32.483132","level":"info","event":"Filling up the DagBag from /home/mimou/airflow/dags/gold_war_pipeline.py","logger":"airflow.models.dagbag.DagBag"}
{"timestamp":"2026-03-23T12:09:34.209497Z","level":"info","event":"Loaded training data: (557, 15)","chan":"stdout","logger":"task"}
{"timestamp":"2026-03-23T12:09:35.383528Z","level":"info","event":"  RandomForest: CV accuracy = 0.4854 ± 0.0193","chan":"stdout","logger":"task"}
{"timestamp":"2026-03-23T12:09:35.675676Z","level":"info","event":"  GradientBoosting: CV accuracy = 0.5506 ± 0.0071","chan":"stdout","logger":"task"}
{"timestamp":"2026-03-23T12:09:35.691556Z","level":"info","event":"  LogisticRegression: CV accuracy = 0.5169 ± 0.0564","chan":"stdout","logger":"task"}
{"timestamp":"2026-03-23T12:09:35.691727Z","level":"info","event":"","chan":"stdout","logger":"task"}
{"timestamp":"2026-03-23T12:09:35.691775Z","level":"info","event":"Best model: GradientBoosting (CV accuracy: 0.5506)","chan":"stdout","logger":"task"}
{"timestamp":"2026-03-23T12:09:35.765338Z","level":"info","event":"","chan":"stdout","logger":"task"}
{"timestamp":"2026-03-23T12:09:35.765545Z","level":"info","event":"Test accuracy : 0.5000","chan":"stdout","logger":"task"}
{"timestamp":"2026-03-23T12:09:35.765670Z","level":"info","event":"ROC-AUC       : 0.4577","chan":"stdout","logger":"task"}
{"timestamp":"2026-03-23T12:09:35.765720Z","level":"info","event":"","chan":"stdout","logger":"task"}
{"timestamp":"2026-03-23T12:09:35.765761Z","level":"info","event":"Classification Report:","chan":"stdout","logger":"task"}
{"timestamp":"2026-03-23T12:09:35.773358Z","level":"info","event":"              precision    recall  f1-score   support","chan":"stdout","logger":"task"}
{"timestamp":"2026-03-23T12:09:35.773519Z","level":"info","event":"","chan":"stdout","logger":"task"}
{"timestamp":"2026-03-23T12:09:35.773593Z","level":"info","event":"           0       0.38      0.25      0.30        48","chan":"stdout","logger":"task"}
{"timestamp":"2026-03-23T12:09:35.773642Z","level":"info","event":"           1       0.55      0.69      0.61        64","chan":"stdout","logger":"task"}
{"timestamp":"2026-03-23T12:09:35.773708Z","level":"info","event":"","chan":"stdout","logger":"task"}
{"timestamp":"2026-03-23T12:09:35.773761Z","level":"info","event":"    accuracy                           0.50       112","chan":"stdout","logger":"task"}
{"timestamp":"2026-03-23T12:09:35.773811Z","level":"info","event":"   macro avg       0.46      0.47      0.46       112","chan":"stdout","logger":"task"}
{"timestamp":"2026-03-23T12:09:35.773841Z","level":"info","event":"weighted avg       0.48      0.50      0.48       112","chan":"stdout","logger":"task"}
{"timestamp":"2026-03-23T12:09:35.773887Z","level":"info","event":"","chan":"stdout","logger":"task"}
{"timestamp":"2026-03-23T12:09:35.774323Z","level":"info","event":"","chan":"stdout","logger":"task"}
{"timestamp":"2026-03-23T12:09:35.774428Z","level":"info","event":"Feature importances:","chan":"stdout","logger":"task"}
{"timestamp":"2026-03-23T12:09:35.774474Z","level":"info","event":"  price_change_pct               0.515090","chan":"stdout","logger":"task"}
{"timestamp":"2026-03-23T12:09:35.774507Z","level":"info","event":"  prev_price_change_pct          0.484910","chan":"stdout","logger":"task"}
{"timestamp":"2026-03-23T12:09:35.774544Z","level":"info","event":"  sentiment_mean                 0.000000","chan":"stdout","logger":"task"}
{"timestamp":"2026-03-23T12:09:35.774587Z","level":"info","event":"  sentiment_min                  0.000000","chan":"stdout","logger":"task"}
{"timestamp":"2026-03-23T12:09:35.774618Z","level":"info","event":"  sentiment_max                  0.000000","chan":"stdout","logger":"task"}
{"timestamp":"2026-03-23T12:09:35.774645Z","level":"info","event":"  article_count                  0.000000","chan":"stdout","logger":"task"}
{"timestamp":"2026-03-23T12:09:35.774711Z","level":"info","event":"  prev_sentiment                 0.000000","chan":"stdout","logger":"task"}
{"timestamp":"2026-03-23T12:09:35.774757Z","level":"info","event":"  sentiment_7d_avg               0.000000","chan":"stdout","logger":"task"}
{"timestamp":"2026-03-23T12:09:35.782461Z","level":"info","event":"","chan":"stdout","logger":"task"}
{"timestamp":"2026-03-23T12:09:35.782674Z","level":"info","event":"Model saved → /home/mimou/airflow/mid-semester/models/gold_model_20260323.joblib","chan":"stdout","logger":"task"}
{"timestamp":"2026-03-23T12:09:35.782753Z","level":"info","event":"Latest link → /home/mimou/airflow/mid-semester/models/gold_model_latest.joblib","chan":"stdout","logger":"task"}
{"timestamp":"2026-03-23T12:09:35.782836Z","level":"info","event":"Metrics saved → /home/mimou/airflow/mid-semester/models/model_metrics_20260323.json","chan":"stdout","logger":"task"}
{"timestamp":"2026-03-23T12:09:35.783113","level":"info","event":"Done. Returned value was: None","logger":"airflow.task.operators.airflow.providers.standard.operators.python.PythonOperator"}
