{"timestamp":"2026-03-23T12:10:01.909388","level":"info","event":"DAG bundles loaded: dags-folder","logger":"airflow.dag_processing.bundles.manager.DagBundlesManager"}
{"timestamp":"2026-03-23T12:10:01.909928","level":"info","event":"Filling up the DagBag from /home/mimou/airflow/dags/gold_war_pipeline.py","logger":"airflow.models.dagbag.DagBag"}
{"timestamp":"2026-03-23T12:10:02.929134Z","level":"info","event":"Loaded training data: (557, 15)","chan":"stdout","logger":"task"}
{"timestamp":"2026-03-23T12:10:03.846880Z","level":"info","event":"  RandomForest: CV accuracy = 0.4854 ± 0.0193","chan":"stdout","logger":"task"}
{"timestamp":"2026-03-23T12:10:04.152296Z","level":"info","event":"  GradientBoosting: CV accuracy = 0.5506 ± 0.0071","chan":"stdout","logger":"task"}
{"timestamp":"2026-03-23T12:10:04.169087Z","level":"info","event":"  LogisticRegression: CV accuracy = 0.5169 ± 0.0564","chan":"stdout","logger":"task"}
{"timestamp":"2026-03-23T12:10:04.169322Z","level":"info","event":"","chan":"stdout","logger":"task"}
{"timestamp":"2026-03-23T12:10:04.169395Z","level":"info","event":"Best model: GradientBoosting (CV accuracy: 0.5506)","chan":"stdout","logger":"task"}
{"timestamp":"2026-03-23T12:10:04.245050Z","level":"info","event":"","chan":"stdout","logger":"task"}
{"timestamp":"2026-03-23T12:10:04.245205Z","level":"info","event":"Test accuracy : 0.5000","chan":"stdout","logger":"task"}
{"timestamp":"2026-03-23T12:10:04.245267Z","level":"info","event":"ROC-AUC       : 0.4577","chan":"stdout","logger":"task"}
{"timestamp":"2026-03-23T12:10:04.245295Z","level":"info","event":"","chan":"stdout","logger":"task"}
{"timestamp":"2026-03-23T12:10:04.245322Z","level":"info","event":"Classification Report:","chan":"stdout","logger":"task"}
{"timestamp":"2026-03-23T12:10:04.250075Z","level":"info","event":"              precision    recall  f1-score   support","chan":"stdout","logger":"task"}
{"timestamp":"2026-03-23T12:10:04.250275Z","level":"info","event":"","chan":"stdout","logger":"task"}
{"timestamp":"2026-03-23T12:10:04.250355Z","level":"info","event":"           0       0.38      0.25      0.30        48","chan":"stdout","logger":"task"}
{"timestamp":"2026-03-23T12:10:04.250403Z","level":"info","event":"           1       0.55      0.69      0.61        64","chan":"stdout","logger":"task"}
{"timestamp":"2026-03-23T12:10:04.250448Z","level":"info","event":"","chan":"stdout","logger":"task"}
{"timestamp":"2026-03-23T12:10:04.250492Z","level":"info","event":"    accuracy                           0.50       112","chan":"stdout","logger":"task"}
{"timestamp":"2026-03-23T12:10:04.250535Z","level":"info","event":"   macro avg       0.46      0.47      0.46       112","chan":"stdout","logger":"task"}
{"timestamp":"2026-03-23T12:10:04.250576Z","level":"info","event":"weighted avg       0.48      0.50      0.48       112","chan":"stdout","logger":"task"}
{"timestamp":"2026-03-23T12:10:04.250621Z","level":"info","event":"","chan":"stdout","logger":"task"}
{"timestamp":"2026-03-23T12:10:04.251169Z","level":"info","event":"","chan":"stdout","logger":"task"}
{"timestamp":"2026-03-23T12:10:04.251269Z","level":"info","event":"Feature importances:","chan":"stdout","logger":"task"}
{"timestamp":"2026-03-23T12:10:04.251316Z","level":"info","event":"  price_change_pct               0.515090","chan":"stdout","logger":"task"}
{"timestamp":"2026-03-23T12:10:04.251344Z","level":"info","event":"  prev_price_change_pct          0.484910","chan":"stdout","logger":"task"}
{"timestamp":"2026-03-23T12:10:04.251371Z","level":"info","event":"  sentiment_mean                 0.000000","chan":"stdout","logger":"task"}
{"timestamp":"2026-03-23T12:10:04.251395Z","level":"info","event":"  sentiment_min                  0.000000","chan":"stdout","logger":"task"}
{"timestamp":"2026-03-23T12:10:04.251420Z","level":"info","event":"  sentiment_max                  0.000000","chan":"stdout","logger":"task"}
{"timestamp":"2026-03-23T12:10:04.251445Z","level":"info","event":"  article_count                  0.000000","chan":"stdout","logger":"task"}
{"timestamp":"2026-03-23T12:10:04.251468Z","level":"info","event":"  prev_sentiment                 0.000000","chan":"stdout","logger":"task"}
{"timestamp":"2026-03-23T12:10:04.251529Z","level":"info","event":"  sentiment_7d_avg               0.000000","chan":"stdout","logger":"task"}
{"timestamp":"2026-03-23T12:10:04.259185Z","level":"info","event":"","chan":"stdout","logger":"task"}
{"timestamp":"2026-03-23T12:10:04.259312Z","level":"info","event":"Model saved → /home/mimou/airflow/mid-semester/models/gold_model_20260323.joblib","chan":"stdout","logger":"task"}
{"timestamp":"2026-03-23T12:10:04.259359Z","level":"info","event":"Latest link → /home/mimou/airflow/mid-semester/models/gold_model_latest.joblib","chan":"stdout","logger":"task"}
{"timestamp":"2026-03-23T12:10:04.259506Z","level":"info","event":"Metrics saved → /home/mimou/airflow/mid-semester/models/model_metrics_20260323.json","chan":"stdout","logger":"task"}
{"timestamp":"2026-03-23T12:10:04.259841","level":"info","event":"Done. Returned value was: None","logger":"airflow.task.operators.airflow.providers.standard.operators.python.PythonOperator"}
