{"timestamp":"2026-02-21T13:11:09.458197","level":"info","event":"Filling up the DagBag from /home/mimou/airflow/dags/05_query_with_dates.py","logger":"airflow.models.dagbag.DagBag"}
{"timestamp":"2026-02-21T13:11:40.211681","level":"info","event":"Filling up the DagBag from /home/mimou/airflow/dags/05_query_with_dates.py","logger":"airflow.models.dagbag.DagBag"}
{"timestamp":"2026-02-21T13:12:10.868406","level":"info","event":"Filling up the DagBag from /home/mimou/airflow/dags/05_query_with_dates.py","logger":"airflow.models.dagbag.DagBag"}
{"timestamp":"2026-02-21T13:12:41.430782","level":"info","event":"Filling up the DagBag from /home/mimou/airflow/dags/05_query_with_dates.py","logger":"airflow.models.dagbag.DagBag"}
{"timestamp":"2026-02-21T13:13:12.153948","level":"info","event":"Filling up the DagBag from /home/mimou/airflow/dags/05_query_with_dates.py","logger":"airflow.models.dagbag.DagBag"}
{"timestamp":"2026-02-21T13:13:42.661497","level":"info","event":"Filling up the DagBag from /home/mimou/airflow/dags/05_query_with_dates.py","logger":"airflow.models.dagbag.DagBag"}
{"timestamp":"2026-02-21T13:14:13.458286","level":"info","event":"Filling up the DagBag from /home/mimou/airflow/dags/05_query_with_dates.py","logger":"airflow.models.dagbag.DagBag"}
{"timestamp":"2026-02-21T13:14:44.059850","level":"info","event":"Filling up the DagBag from /home/mimou/airflow/dags/05_query_with_dates.py","logger":"airflow.models.dagbag.DagBag"}
{"timestamp":"2026-02-21T13:15:00.613424","level":"info","event":"Filling up the DagBag from /home/mimou/airflow/dags/05_query_with_dates.py","logger":"airflow.models.dagbag.DagBag"}
{"timestamp":"2026-02-21T13:15:31.296311","level":"info","event":"Filling up the DagBag from /home/mimou/airflow/dags/05_query_with_dates.py","logger":"airflow.models.dagbag.DagBag"}
{"timestamp":"2026-02-21T13:16:02.104351","level":"info","event":"Filling up the DagBag from /home/mimou/airflow/dags/05_query_with_dates.py","logger":"airflow.models.dagbag.DagBag"}
{"timestamp":"2026-02-21T13:16:32.827486","level":"info","event":"Filling up the DagBag from /home/mimou/airflow/dags/05_query_with_dates.py","logger":"airflow.models.dagbag.DagBag"}
{"timestamp":"2026-02-21T13:16:35.285201","level":"info","event":"Filling up the DagBag from /home/mimou/airflow/dags/05_query_with_dates.py","logger":"airflow.models.dagbag.DagBag"}
{"timestamp":"2026-02-21T13:16:35.286828","level":"error","event":"Failed to import: /home/mimou/airflow/dags/05_query_with_dates.py","logger":"airflow.models.dagbag.DagBag","error_detail":[{"exc_type":"SyntaxError","exc_value":"invalid syntax. Perhaps you forgot a comma? (05_query_with_dates.py, line 20)","exc_notes":[],"syntax_error":{"offset":18,"filename":"/home/mimou/airflow/dags/05_query_with_dates.py","line":"    bash_command=\"\"\"\n","lineno":20,"msg":"invalid syntax. Perhaps you forgot a comma?"},"is_cause":false,"frames":[{"filename":"/home/mimou/venvs/airflow_3.0.6/lib/python3.12/site-packages/airflow/models/dagbag.py","lineno":394,"name":"parse"},{"filename":"<frozen importlib._bootstrap_external>","lineno":991,"name":"exec_module"},{"filename":"<frozen importlib._bootstrap_external>","lineno":1129,"name":"get_code"},{"filename":"<frozen importlib._bootstrap_external>","lineno":1059,"name":"source_to_code"},{"filename":"<frozen importlib._bootstrap>","lineno":488,"name":"_call_with_frames_removed"}],"is_group":false,"exceptions":[]}]}
{"timestamp":"2026-02-21T13:17:05.584090","level":"info","event":"Filling up the DagBag from /home/mimou/airflow/dags/05_query_with_dates.py","logger":"airflow.models.dagbag.DagBag"}
{"timestamp":"2026-02-21T13:17:05.586204","level":"error","event":"Failed to import: /home/mimou/airflow/dags/05_query_with_dates.py","logger":"airflow.models.dagbag.DagBag","error_detail":[{"exc_type":"SyntaxError","exc_value":"invalid syntax. Perhaps you forgot a comma? (05_query_with_dates.py, line 20)","exc_notes":[],"syntax_error":{"offset":18,"filename":"/home/mimou/airflow/dags/05_query_with_dates.py","line":"    bash_command=\"\"\"\n","lineno":20,"msg":"invalid syntax. Perhaps you forgot a comma?"},"is_cause":false,"frames":[{"filename":"/home/mimou/venvs/airflow_3.0.6/lib/python3.12/site-packages/airflow/models/dagbag.py","lineno":394,"name":"parse"},{"filename":"<frozen importlib._bootstrap_external>","lineno":991,"name":"exec_module"},{"filename":"<frozen importlib._bootstrap_external>","lineno":1129,"name":"get_code"},{"filename":"<frozen importlib._bootstrap_external>","lineno":1059,"name":"source_to_code"},{"filename":"<frozen importlib._bootstrap>","lineno":488,"name":"_call_with_frames_removed"}],"is_group":false,"exceptions":[]}]}
{"timestamp":"2026-02-21T13:17:35.097753","level":"info","event":"Filling up the DagBag from /home/mimou/airflow/dags/05_query_with_dates.py","logger":"airflow.models.dagbag.DagBag"}
{"timestamp":"2026-02-21T13:17:35.100106","level":"error","event":"Failed to import: /home/mimou/airflow/dags/05_query_with_dates.py","logger":"airflow.models.dagbag.DagBag","error_detail":[{"exc_type":"SyntaxError","exc_value":"invalid syntax. Perhaps you forgot a comma? (05_query_with_dates.py, line 20)","exc_notes":[],"syntax_error":{"offset":18,"filename":"/home/mimou/airflow/dags/05_query_with_dates.py","line":"    bash_command=\"\"\"\n","lineno":20,"msg":"invalid syntax. Perhaps you forgot a comma?"},"is_cause":false,"frames":[{"filename":"/home/mimou/venvs/airflow_3.0.6/lib/python3.12/site-packages/airflow/models/dagbag.py","lineno":394,"name":"parse"},{"filename":"<frozen importlib._bootstrap_external>","lineno":991,"name":"exec_module"},{"filename":"<frozen importlib._bootstrap_external>","lineno":1129,"name":"get_code"},{"filename":"<frozen importlib._bootstrap_external>","lineno":1059,"name":"source_to_code"},{"filename":"<frozen importlib._bootstrap>","lineno":488,"name":"_call_with_frames_removed"}],"is_group":false,"exceptions":[]}]}
{"timestamp":"2026-02-21T13:18:05.357057","level":"info","event":"Filling up the DagBag from /home/mimou/airflow/dags/05_query_with_dates.py","logger":"airflow.models.dagbag.DagBag"}
{"timestamp":"2026-02-21T13:18:05.360299","level":"error","event":"Failed to import: /home/mimou/airflow/dags/05_query_with_dates.py","logger":"airflow.models.dagbag.DagBag","error_detail":[{"exc_type":"SyntaxError","exc_value":"invalid syntax. Perhaps you forgot a comma? (05_query_with_dates.py, line 20)","exc_notes":[],"syntax_error":{"offset":18,"filename":"/home/mimou/airflow/dags/05_query_with_dates.py","line":"    bash_command=\"\"\"\n","lineno":20,"msg":"invalid syntax. Perhaps you forgot a comma?"},"is_cause":false,"frames":[{"filename":"/home/mimou/venvs/airflow_3.0.6/lib/python3.12/site-packages/airflow/models/dagbag.py","lineno":394,"name":"parse"},{"filename":"<frozen importlib._bootstrap_external>","lineno":991,"name":"exec_module"},{"filename":"<frozen importlib._bootstrap_external>","lineno":1129,"name":"get_code"},{"filename":"<frozen importlib._bootstrap_external>","lineno":1059,"name":"source_to_code"},{"filename":"<frozen importlib._bootstrap>","lineno":488,"name":"_call_with_frames_removed"}],"is_group":false,"exceptions":[]}]}
{"timestamp":"2026-02-21T13:18:35.693358","level":"info","event":"Filling up the DagBag from /home/mimou/airflow/dags/05_query_with_dates.py","logger":"airflow.models.dagbag.DagBag"}
{"timestamp":"2026-02-21T13:18:35.695874","level":"error","event":"Failed to import: /home/mimou/airflow/dags/05_query_with_dates.py","logger":"airflow.models.dagbag.DagBag","error_detail":[{"exc_type":"SyntaxError","exc_value":"invalid syntax. Perhaps you forgot a comma? (05_query_with_dates.py, line 20)","exc_notes":[],"syntax_error":{"offset":18,"filename":"/home/mimou/airflow/dags/05_query_with_dates.py","line":"    bash_command=\"\"\"\n","lineno":20,"msg":"invalid syntax. Perhaps you forgot a comma?"},"is_cause":false,"frames":[{"filename":"/home/mimou/venvs/airflow_3.0.6/lib/python3.12/site-packages/airflow/models/dagbag.py","lineno":394,"name":"parse"},{"filename":"<frozen importlib._bootstrap_external>","lineno":991,"name":"exec_module"},{"filename":"<frozen importlib._bootstrap_external>","lineno":1129,"name":"get_code"},{"filename":"<frozen importlib._bootstrap_external>","lineno":1059,"name":"source_to_code"},{"filename":"<frozen importlib._bootstrap>","lineno":488,"name":"_call_with_frames_removed"}],"is_group":false,"exceptions":[]}]}
{"timestamp":"2026-02-21T13:18:48.654166","level":"info","event":"Filling up the DagBag from /home/mimou/airflow/dags/05_query_with_dates.py","logger":"airflow.models.dagbag.DagBag"}
{"timestamp":"2026-02-21T13:18:48.656713","level":"error","event":"Failed to import: /home/mimou/airflow/dags/05_query_with_dates.py","logger":"airflow.models.dagbag.DagBag","error_detail":[{"exc_type":"SyntaxError","exc_value":"invalid syntax. Perhaps you forgot a comma? (05_query_with_dates.py, line 20)","exc_notes":[],"syntax_error":{"offset":18,"filename":"/home/mimou/airflow/dags/05_query_with_dates.py","line":"    bash_command=\"\"\"\n","lineno":20,"msg":"invalid syntax. Perhaps you forgot a comma?"},"is_cause":false,"frames":[{"filename":"/home/mimou/venvs/airflow_3.0.6/lib/python3.12/site-packages/airflow/models/dagbag.py","lineno":394,"name":"parse"},{"filename":"<frozen importlib._bootstrap_external>","lineno":991,"name":"exec_module"},{"filename":"<frozen importlib._bootstrap_external>","lineno":1129,"name":"get_code"},{"filename":"<frozen importlib._bootstrap_external>","lineno":1059,"name":"source_to_code"},{"filename":"<frozen importlib._bootstrap>","lineno":488,"name":"_call_with_frames_removed"}],"is_group":false,"exceptions":[]}]}
{"timestamp":"2026-02-21T13:19:19.085162","level":"info","event":"Filling up the DagBag from /home/mimou/airflow/dags/05_query_with_dates.py","logger":"airflow.models.dagbag.DagBag"}
{"timestamp":"2026-02-21T13:19:19.087402","level":"error","event":"Failed to import: /home/mimou/airflow/dags/05_query_with_dates.py","logger":"airflow.models.dagbag.DagBag","error_detail":[{"exc_type":"SyntaxError","exc_value":"invalid syntax. Perhaps you forgot a comma? (05_query_with_dates.py, line 20)","exc_notes":[],"syntax_error":{"offset":18,"filename":"/home/mimou/airflow/dags/05_query_with_dates.py","line":"    bash_command=\"\"\"\n","lineno":20,"msg":"invalid syntax. Perhaps you forgot a comma?"},"is_cause":false,"frames":[{"filename":"/home/mimou/venvs/airflow_3.0.6/lib/python3.12/site-packages/airflow/models/dagbag.py","lineno":394,"name":"parse"},{"filename":"<frozen importlib._bootstrap_external>","lineno":991,"name":"exec_module"},{"filename":"<frozen importlib._bootstrap_external>","lineno":1129,"name":"get_code"},{"filename":"<frozen importlib._bootstrap_external>","lineno":1059,"name":"source_to_code"},{"filename":"<frozen importlib._bootstrap>","lineno":488,"name":"_call_with_frames_removed"}],"is_group":false,"exceptions":[]}]}
{"timestamp":"2026-02-21T13:19:49.378598","level":"info","event":"Filling up the DagBag from /home/mimou/airflow/dags/05_query_with_dates.py","logger":"airflow.models.dagbag.DagBag"}
{"timestamp":"2026-02-21T13:19:49.380289","level":"error","event":"Failed to import: /home/mimou/airflow/dags/05_query_with_dates.py","logger":"airflow.models.dagbag.DagBag","error_detail":[{"exc_type":"SyntaxError","exc_value":"invalid syntax. Perhaps you forgot a comma? (05_query_with_dates.py, line 20)","exc_notes":[],"syntax_error":{"offset":18,"filename":"/home/mimou/airflow/dags/05_query_with_dates.py","line":"    bash_command=\"\"\"\n","lineno":20,"msg":"invalid syntax. Perhaps you forgot a comma?"},"is_cause":false,"frames":[{"filename":"/home/mimou/venvs/airflow_3.0.6/lib/python3.12/site-packages/airflow/models/dagbag.py","lineno":394,"name":"parse"},{"filename":"<frozen importlib._bootstrap_external>","lineno":991,"name":"exec_module"},{"filename":"<frozen importlib._bootstrap_external>","lineno":1129,"name":"get_code"},{"filename":"<frozen importlib._bootstrap_external>","lineno":1059,"name":"source_to_code"},{"filename":"<frozen importlib._bootstrap>","lineno":488,"name":"_call_with_frames_removed"}],"is_group":false,"exceptions":[]}]}
{"timestamp":"2026-02-21T13:19:51.444788","level":"info","event":"Filling up the DagBag from /home/mimou/airflow/dags/05_query_with_dates.py","logger":"airflow.models.dagbag.DagBag"}
{"timestamp":"2026-02-21T13:20:22.526521","level":"info","event":"Filling up the DagBag from /home/mimou/airflow/dags/05_query_with_dates.py","logger":"airflow.models.dagbag.DagBag"}
{"timestamp":"2026-02-21T13:20:53.105296","level":"info","event":"Filling up the DagBag from /home/mimou/airflow/dags/05_query_with_dates.py","logger":"airflow.models.dagbag.DagBag"}
{"timestamp":"2026-02-21T13:21:23.536758","level":"info","event":"Filling up the DagBag from /home/mimou/airflow/dags/05_query_with_dates.py","logger":"airflow.models.dagbag.DagBag"}
{"timestamp":"2026-02-21T13:21:32.806987","level":"info","event":"Filling up the DagBag from /home/mimou/airflow/dags/05_query_with_dates.py","logger":"airflow.models.dagbag.DagBag"}
{"timestamp":"2026-02-21T13:22:03.998337","level":"info","event":"Filling up the DagBag from /home/mimou/airflow/dags/05_query_with_dates.py","logger":"airflow.models.dagbag.DagBag"}
{"timestamp":"2026-02-21T13:22:34.453489","level":"info","event":"Filling up the DagBag from /home/mimou/airflow/dags/05_query_with_dates.py","logger":"airflow.models.dagbag.DagBag"}
{"timestamp":"2026-02-21T13:23:04.741675","level":"info","event":"Filling up the DagBag from /home/mimou/airflow/dags/05_query_with_dates.py","logger":"airflow.models.dagbag.DagBag"}
{"timestamp":"2026-02-21T13:23:35.041923","level":"info","event":"Filling up the DagBag from /home/mimou/airflow/dags/05_query_with_dates.py","logger":"airflow.models.dagbag.DagBag"}
{"timestamp":"2026-02-21T13:24:06.294573","level":"info","event":"Filling up the DagBag from /home/mimou/airflow/dags/05_query_with_dates.py","logger":"airflow.models.dagbag.DagBag"}
{"timestamp":"2026-02-21T13:24:36.610958","level":"info","event":"Filling up the DagBag from /home/mimou/airflow/dags/05_query_with_dates.py","logger":"airflow.models.dagbag.DagBag"}
{"timestamp":"2026-02-21T13:25:07.802730","level":"info","event":"Filling up the DagBag from /home/mimou/airflow/dags/05_query_with_dates.py","logger":"airflow.models.dagbag.DagBag"}
{"timestamp":"2026-02-21T13:25:38.093367","level":"info","event":"Filling up the DagBag from /home/mimou/airflow/dags/05_query_with_dates.py","logger":"airflow.models.dagbag.DagBag"}
{"timestamp":"2026-02-21T13:26:08.481974","level":"info","event":"Filling up the DagBag from /home/mimou/airflow/dags/05_query_with_dates.py","logger":"airflow.models.dagbag.DagBag"}
{"timestamp":"2026-02-21T13:26:39.300403","level":"info","event":"Filling up the DagBag from /home/mimou/airflow/dags/05_query_with_dates.py","logger":"airflow.models.dagbag.DagBag"}
{"timestamp":"2026-02-21T13:27:10.505423","level":"info","event":"Filling up the DagBag from /home/mimou/airflow/dags/05_query_with_dates.py","logger":"airflow.models.dagbag.DagBag"}
{"timestamp":"2026-02-21T13:27:40.959267","level":"info","event":"Filling up the DagBag from /home/mimou/airflow/dags/05_query_with_dates.py","logger":"airflow.models.dagbag.DagBag"}
{"timestamp":"2026-02-21T13:27:45.732600","level":"info","event":"Filling up the DagBag from /home/mimou/airflow/dags/05_query_with_dates.py","logger":"airflow.models.dagbag.DagBag"}
{"timestamp":"2026-02-21T13:28:04.845391","level":"info","event":"Filling up the DagBag from /home/mimou/airflow/dags/05_query_with_dates.py","logger":"airflow.models.dagbag.DagBag"}
{"timestamp":"2026-02-21T13:28:35.258808","level":"info","event":"Filling up the DagBag from /home/mimou/airflow/dags/05_query_with_dates.py","logger":"airflow.models.dagbag.DagBag"}
{"timestamp":"2026-02-21T13:29:05.603884","level":"info","event":"Filling up the DagBag from /home/mimou/airflow/dags/05_query_with_dates.py","logger":"airflow.models.dagbag.DagBag"}
{"timestamp":"2026-02-21T13:29:36.005237","level":"info","event":"Filling up the DagBag from /home/mimou/airflow/dags/05_query_with_dates.py","logger":"airflow.models.dagbag.DagBag"}
{"timestamp":"2026-02-21T13:30:07.237359","level":"info","event":"Filling up the DagBag from /home/mimou/airflow/dags/05_query_with_dates.py","logger":"airflow.models.dagbag.DagBag"}
{"timestamp":"2026-02-21T13:30:37.612304","level":"info","event":"Filling up the DagBag from /home/mimou/airflow/dags/05_query_with_dates.py","logger":"airflow.models.dagbag.DagBag"}
{"timestamp":"2026-02-21T13:31:08.127939","level":"info","event":"Filling up the DagBag from /home/mimou/airflow/dags/05_query_with_dates.py","logger":"airflow.models.dagbag.DagBag"}
{"timestamp":"2026-02-21T13:31:20.216061","level":"info","event":"Filling up the DagBag from /home/mimou/airflow/dags/05_query_with_dates.py","logger":"airflow.models.dagbag.DagBag"}
{"timestamp":"2026-02-21T13:31:51.291863","level":"info","event":"Filling up the DagBag from /home/mimou/airflow/dags/05_query_with_dates.py","logger":"airflow.models.dagbag.DagBag"}
{"timestamp":"2026-02-21T13:32:22.378153","level":"info","event":"Filling up the DagBag from /home/mimou/airflow/dags/05_query_with_dates.py","logger":"airflow.models.dagbag.DagBag"}
{"timestamp":"2026-02-21T13:32:53.505388","level":"info","event":"Filling up the DagBag from /home/mimou/airflow/dags/05_query_with_dates.py","logger":"airflow.models.dagbag.DagBag"}
{"timestamp":"2026-02-21T13:33:24.451609","level":"info","event":"Filling up the DagBag from /home/mimou/airflow/dags/05_query_with_dates.py","logger":"airflow.models.dagbag.DagBag"}
{"timestamp":"2026-02-21T13:33:55.102320","level":"info","event":"Filling up the DagBag from /home/mimou/airflow/dags/05_query_with_dates.py","logger":"airflow.models.dagbag.DagBag"}
{"timestamp":"2026-02-21T13:34:25.917778","level":"info","event":"Filling up the DagBag from /home/mimou/airflow/dags/05_query_with_dates.py","logger":"airflow.models.dagbag.DagBag"}
{"timestamp":"2026-02-21T13:34:56.655817","level":"info","event":"Filling up the DagBag from /home/mimou/airflow/dags/05_query_with_dates.py","logger":"airflow.models.dagbag.DagBag"}
{"timestamp":"2026-02-21T13:35:25.311228","level":"info","event":"Filling up the DagBag from /home/mimou/airflow/dags/05_query_with_dates.py","logger":"airflow.models.dagbag.DagBag"}
{"timestamp":"2026-02-21T13:35:55.920213","level":"info","event":"Filling up the DagBag from /home/mimou/airflow/dags/05_query_with_dates.py","logger":"airflow.models.dagbag.DagBag"}
{"timestamp":"2026-02-21T13:36:26.747616","level":"info","event":"Filling up the DagBag from /home/mimou/airflow/dags/05_query_with_dates.py","logger":"airflow.models.dagbag.DagBag"}
{"timestamp":"2026-02-21T13:36:57.640447","level":"info","event":"Filling up the DagBag from /home/mimou/airflow/dags/05_query_with_dates.py","logger":"airflow.models.dagbag.DagBag"}
{"timestamp":"2026-02-21T13:37:11.974549","level":"info","event":"Filling up the DagBag from /home/mimou/airflow/dags/05_query_with_dates.py","logger":"airflow.models.dagbag.DagBag"}
{"timestamp":"2026-02-21T13:37:24.859666","level":"info","event":"Filling up the DagBag from /home/mimou/airflow/dags/05_query_with_dates.py","logger":"airflow.models.dagbag.DagBag"}
{"timestamp":"2026-02-21T13:37:55.586709","level":"info","event":"Filling up the DagBag from /home/mimou/airflow/dags/05_query_with_dates.py","logger":"airflow.models.dagbag.DagBag"}
{"timestamp":"2026-02-21T13:38:26.975349","level":"info","event":"Filling up the DagBag from /home/mimou/airflow/dags/05_query_with_dates.py","logger":"airflow.models.dagbag.DagBag"}
{"timestamp":"2026-02-21T13:38:57.552090","level":"info","event":"Filling up the DagBag from /home/mimou/airflow/dags/05_query_with_dates.py","logger":"airflow.models.dagbag.DagBag"}
{"timestamp":"2026-02-21T13:39:29.016536","level":"info","event":"Filling up the DagBag from /home/mimou/airflow/dags/05_query_with_dates.py","logger":"airflow.models.dagbag.DagBag"}
{"timestamp":"2026-02-21T13:40:00.031869","level":"info","event":"Filling up the DagBag from /home/mimou/airflow/dags/05_query_with_dates.py","logger":"airflow.models.dagbag.DagBag"}
{"timestamp":"2026-02-21T13:40:30.721065","level":"info","event":"Filling up the DagBag from /home/mimou/airflow/dags/05_query_with_dates.py","logger":"airflow.models.dagbag.DagBag"}
{"timestamp":"2026-02-21T13:41:01.222149","level":"info","event":"Filling up the DagBag from /home/mimou/airflow/dags/05_query_with_dates.py","logger":"airflow.models.dagbag.DagBag"}
{"timestamp":"2026-02-21T13:41:32.020127","level":"info","event":"Filling up the DagBag from /home/mimou/airflow/dags/05_query_with_dates.py","logger":"airflow.models.dagbag.DagBag"}
{"timestamp":"2026-02-21T13:42:03.288095","level":"info","event":"Filling up the DagBag from /home/mimou/airflow/dags/05_query_with_dates.py","logger":"airflow.models.dagbag.DagBag"}
{"timestamp":"2026-02-21T13:42:34.019010","level":"info","event":"Filling up the DagBag from /home/mimou/airflow/dags/05_query_with_dates.py","logger":"airflow.models.dagbag.DagBag"}
{"timestamp":"2026-02-21T13:43:05.048319","level":"info","event":"Filling up the DagBag from /home/mimou/airflow/dags/05_query_with_dates.py","logger":"airflow.models.dagbag.DagBag"}
{"timestamp":"2026-02-21T13:43:35.718395","level":"info","event":"Filling up the DagBag from /home/mimou/airflow/dags/05_query_with_dates.py","logger":"airflow.models.dagbag.DagBag"}
{"timestamp":"2026-02-21T13:43:40.007896","level":"info","event":"Filling up the DagBag from /home/mimou/airflow/dags/05_query_with_dates.py","logger":"airflow.models.dagbag.DagBag"}
{"timestamp":"2026-02-21T13:44:11.226011","level":"info","event":"Filling up the DagBag from /home/mimou/airflow/dags/05_query_with_dates.py","logger":"airflow.models.dagbag.DagBag"}
{"timestamp":"2026-02-21T13:44:41.606562","level":"info","event":"Filling up the DagBag from /home/mimou/airflow/dags/05_query_with_dates.py","logger":"airflow.models.dagbag.DagBag"}
{"timestamp":"2026-02-21T13:45:12.817673","level":"info","event":"Filling up the DagBag from /home/mimou/airflow/dags/05_query_with_dates.py","logger":"airflow.models.dagbag.DagBag"}
{"timestamp":"2026-02-21T13:45:43.939413","level":"info","event":"Filling up the DagBag from /home/mimou/airflow/dags/05_query_with_dates.py","logger":"airflow.models.dagbag.DagBag"}
{"timestamp":"2026-02-21T13:46:14.348875","level":"info","event":"Filling up the DagBag from /home/mimou/airflow/dags/05_query_with_dates.py","logger":"airflow.models.dagbag.DagBag"}
{"timestamp":"2026-02-21T13:46:45.116653","level":"info","event":"Filling up the DagBag from /home/mimou/airflow/dags/05_query_with_dates.py","logger":"airflow.models.dagbag.DagBag"}
{"timestamp":"2026-02-21T13:47:16.389336","level":"info","event":"Filling up the DagBag from /home/mimou/airflow/dags/05_query_with_dates.py","logger":"airflow.models.dagbag.DagBag"}
{"timestamp":"2026-02-21T13:47:46.695466","level":"info","event":"Filling up the DagBag from /home/mimou/airflow/dags/05_query_with_dates.py","logger":"airflow.models.dagbag.DagBag"}
{"timestamp":"2026-02-21T13:48:17.883077","level":"info","event":"Filling up the DagBag from /home/mimou/airflow/dags/05_query_with_dates.py","logger":"airflow.models.dagbag.DagBag"}
{"timestamp":"2026-02-21T13:48:48.187456","level":"info","event":"Filling up the DagBag from /home/mimou/airflow/dags/05_query_with_dates.py","logger":"airflow.models.dagbag.DagBag"}
{"timestamp":"2026-02-21T13:49:19.144095","level":"info","event":"Filling up the DagBag from /home/mimou/airflow/dags/05_query_with_dates.py","logger":"airflow.models.dagbag.DagBag"}
{"timestamp":"2026-02-21T13:49:49.435684","level":"info","event":"Filling up the DagBag from /home/mimou/airflow/dags/05_query_with_dates.py","logger":"airflow.models.dagbag.DagBag"}
{"timestamp":"2026-02-21T13:50:19.704517","level":"info","event":"Filling up the DagBag from /home/mimou/airflow/dags/05_query_with_dates.py","logger":"airflow.models.dagbag.DagBag"}
{"timestamp":"2026-02-21T13:50:49.989661","level":"info","event":"Filling up the DagBag from /home/mimou/airflow/dags/05_query_with_dates.py","logger":"airflow.models.dagbag.DagBag"}
{"timestamp":"2026-02-21T13:51:20.264919","level":"info","event":"Filling up the DagBag from /home/mimou/airflow/dags/05_query_with_dates.py","logger":"airflow.models.dagbag.DagBag"}
{"timestamp":"2026-02-21T13:51:50.580934","level":"info","event":"Filling up the DagBag from /home/mimou/airflow/dags/05_query_with_dates.py","logger":"airflow.models.dagbag.DagBag"}
{"timestamp":"2026-02-21T13:52:20.842708","level":"info","event":"Filling up the DagBag from /home/mimou/airflow/dags/05_query_with_dates.py","logger":"airflow.models.dagbag.DagBag"}
{"timestamp":"2026-02-21T13:52:51.853031","level":"info","event":"Filling up the DagBag from /home/mimou/airflow/dags/05_query_with_dates.py","logger":"airflow.models.dagbag.DagBag"}
{"timestamp":"2026-02-21T13:53:23.054666","level":"info","event":"Filling up the DagBag from /home/mimou/airflow/dags/05_query_with_dates.py","logger":"airflow.models.dagbag.DagBag"}
{"timestamp":"2026-02-21T13:53:39.352476","level":"info","event":"Filling up the DagBag from /home/mimou/airflow/dags/05_query_with_dates.py","logger":"airflow.models.dagbag.DagBag"}
{"timestamp":"2026-02-21T13:54:10.453563","level":"info","event":"Filling up the DagBag from /home/mimou/airflow/dags/05_query_with_dates.py","logger":"airflow.models.dagbag.DagBag"}
{"timestamp":"2026-02-21T13:54:41.336123","level":"info","event":"Filling up the DagBag from /home/mimou/airflow/dags/05_query_with_dates.py","logger":"airflow.models.dagbag.DagBag"}
{"timestamp":"2026-02-21T13:55:06.570793","level":"info","event":"Filling up the DagBag from /home/mimou/airflow/dags/05_query_with_dates.py","logger":"airflow.models.dagbag.DagBag"}
{"timestamp":"2026-02-21T13:55:36.661049","level":"info","event":"Filling up the DagBag from /home/mimou/airflow/dags/05_query_with_dates.py","logger":"airflow.models.dagbag.DagBag"}
{"timestamp":"2026-02-21T13:56:07.727145","level":"info","event":"Filling up the DagBag from /home/mimou/airflow/dags/05_query_with_dates.py","logger":"airflow.models.dagbag.DagBag"}
{"timestamp":"2026-02-21T13:56:38.847831","level":"info","event":"Filling up the DagBag from /home/mimou/airflow/dags/05_query_with_dates.py","logger":"airflow.models.dagbag.DagBag"}
{"timestamp":"2026-02-21T13:56:49.213805","level":"info","event":"Filling up the DagBag from /home/mimou/airflow/dags/05_query_with_dates.py","logger":"airflow.models.dagbag.DagBag"}
{"timestamp":"2026-02-21T13:57:20.281343","level":"info","event":"Filling up the DagBag from /home/mimou/airflow/dags/05_query_with_dates.py","logger":"airflow.models.dagbag.DagBag"}
{"timestamp":"2026-02-21T13:57:43.434512","level":"info","event":"Filling up the DagBag from /home/mimou/airflow/dags/05_query_with_dates.py","logger":"airflow.models.dagbag.DagBag"}
{"timestamp":"2026-02-21T13:57:43.800183","level":"error","event":"Failed to import: /home/mimou/airflow/dags/05_query_with_dates.py","logger":"airflow.models.dagbag.DagBag","error_detail":[{"exc_type":"TypeError","exc_value":"DAG.__init__() got an unexpected keyword argument 'schedule_interval'","exc_notes":[],"syntax_error":null,"is_cause":false,"frames":[{"filename":"/home/mimou/venvs/airflow_3.0.6/lib/python3.12/site-packages/airflow/models/dagbag.py","lineno":394,"name":"parse"},{"filename":"<frozen importlib._bootstrap_external>","lineno":995,"name":"exec_module"},{"filename":"<frozen importlib._bootstrap>","lineno":488,"name":"_call_with_frames_removed"},{"filename":"/home/mimou/airflow/dags/05_query_with_dates.py","lineno":9,"name":"<module>"}],"is_group":false,"exceptions":[]}]}
{"timestamp":"2026-02-21T13:57:52.308752","level":"info","event":"Filling up the DagBag from /home/mimou/airflow/dags/05_query_with_dates.py","logger":"airflow.models.dagbag.DagBag"}
{"timestamp":"2026-02-21T13:57:52.677700","level":"error","event":"Failed to import: /home/mimou/airflow/dags/05_query_with_dates.py","logger":"airflow.models.dagbag.DagBag","error_detail":[{"exc_type":"TypeError","exc_value":"DAG.__init__() got an unexpected keyword argument 'schedule_interval'","exc_notes":[],"syntax_error":null,"is_cause":false,"frames":[{"filename":"/home/mimou/venvs/airflow_3.0.6/lib/python3.12/site-packages/airflow/models/dagbag.py","lineno":394,"name":"parse"},{"filename":"<frozen importlib._bootstrap_external>","lineno":995,"name":"exec_module"},{"filename":"<frozen importlib._bootstrap>","lineno":488,"name":"_call_with_frames_removed"},{"filename":"/home/mimou/airflow/dags/05_query_with_dates.py","lineno":9,"name":"<module>"}],"is_group":false,"exceptions":[]}]}
{"timestamp":"2026-02-21T13:58:23.204690","level":"info","event":"Filling up the DagBag from /home/mimou/airflow/dags/05_query_with_dates.py","logger":"airflow.models.dagbag.DagBag"}
{"timestamp":"2026-02-21T13:58:23.563281","level":"error","event":"Failed to import: /home/mimou/airflow/dags/05_query_with_dates.py","logger":"airflow.models.dagbag.DagBag","error_detail":[{"exc_type":"TypeError","exc_value":"DAG.__init__() got an unexpected keyword argument 'schedule_interval'","exc_notes":[],"syntax_error":null,"is_cause":false,"frames":[{"filename":"/home/mimou/venvs/airflow_3.0.6/lib/python3.12/site-packages/airflow/models/dagbag.py","lineno":394,"name":"parse"},{"filename":"<frozen importlib._bootstrap_external>","lineno":995,"name":"exec_module"},{"filename":"<frozen importlib._bootstrap>","lineno":488,"name":"_call_with_frames_removed"},{"filename":"/home/mimou/airflow/dags/05_query_with_dates.py","lineno":9,"name":"<module>"}],"is_group":false,"exceptions":[]}]}
{"timestamp":"2026-02-21T13:58:27.644919","level":"info","event":"Filling up the DagBag from /home/mimou/airflow/dags/05_query_with_dates.py","logger":"airflow.models.dagbag.DagBag"}
{"timestamp":"2026-02-21T13:58:28.074630","level":"error","event":"Failed to import: /home/mimou/airflow/dags/05_query_with_dates.py","logger":"airflow.models.dagbag.DagBag","error_detail":[{"exc_type":"TypeError","exc_value":"DAG.__init__() got an unexpected keyword argument 'schedule_interval'","exc_notes":[],"syntax_error":null,"is_cause":false,"frames":[{"filename":"/home/mimou/venvs/airflow_3.0.6/lib/python3.12/site-packages/airflow/models/dagbag.py","lineno":394,"name":"parse"},{"filename":"<frozen importlib._bootstrap_external>","lineno":995,"name":"exec_module"},{"filename":"<frozen importlib._bootstrap>","lineno":488,"name":"_call_with_frames_removed"},{"filename":"/home/mimou/airflow/dags/05_query_with_dates.py","lineno":9,"name":"<module>"}],"is_group":false,"exceptions":[]}]}
{"timestamp":"2026-02-21T13:58:40.365529","level":"info","event":"Filling up the DagBag from /home/mimou/airflow/dags/05_query_with_dates.py","logger":"airflow.models.dagbag.DagBag"}
{"timestamp":"2026-02-21T13:59:11.255409","level":"info","event":"Filling up the DagBag from /home/mimou/airflow/dags/05_query_with_dates.py","logger":"airflow.models.dagbag.DagBag"}
{"timestamp":"2026-02-21T13:59:41.820662","level":"info","event":"Filling up the DagBag from /home/mimou/airflow/dags/05_query_with_dates.py","logger":"airflow.models.dagbag.DagBag"}
{"timestamp":"2026-02-21T14:00:12.615120","level":"info","event":"Filling up the DagBag from /home/mimou/airflow/dags/05_query_with_dates.py","logger":"airflow.models.dagbag.DagBag"}
{"timestamp":"2026-02-21T14:00:43.317659","level":"info","event":"Filling up the DagBag from /home/mimou/airflow/dags/05_query_with_dates.py","logger":"airflow.models.dagbag.DagBag"}
{"timestamp":"2026-02-21T14:01:14.199519","level":"info","event":"Filling up the DagBag from /home/mimou/airflow/dags/05_query_with_dates.py","logger":"airflow.models.dagbag.DagBag"}
{"timestamp":"2026-02-21T14:01:44.849069","level":"info","event":"Filling up the DagBag from /home/mimou/airflow/dags/05_query_with_dates.py","logger":"airflow.models.dagbag.DagBag"}
{"timestamp":"2026-02-21T14:02:02.495060","level":"info","event":"Filling up the DagBag from /home/mimou/airflow/dags/05_query_with_dates.py","logger":"airflow.models.dagbag.DagBag"}
{"timestamp":"2026-02-21T14:02:33.158351","level":"info","event":"Filling up the DagBag from /home/mimou/airflow/dags/05_query_with_dates.py","logger":"airflow.models.dagbag.DagBag"}
{"timestamp":"2026-02-21T14:03:03.656453","level":"info","event":"Filling up the DagBag from /home/mimou/airflow/dags/05_query_with_dates.py","logger":"airflow.models.dagbag.DagBag"}
{"timestamp":"2026-02-21T14:03:34.973762","level":"info","event":"Filling up the DagBag from /home/mimou/airflow/dags/05_query_with_dates.py","logger":"airflow.models.dagbag.DagBag"}
{"timestamp":"2026-02-21T14:04:05.822884","level":"info","event":"Filling up the DagBag from /home/mimou/airflow/dags/05_query_with_dates.py","logger":"airflow.models.dagbag.DagBag"}
{"timestamp":"2026-02-21T14:04:36.580005","level":"info","event":"Filling up the DagBag from /home/mimou/airflow/dags/05_query_with_dates.py","logger":"airflow.models.dagbag.DagBag"}
{"timestamp":"2026-02-21T14:05:07.234438","level":"info","event":"Filling up the DagBag from /home/mimou/airflow/dags/05_query_with_dates.py","logger":"airflow.models.dagbag.DagBag"}
{"timestamp":"2026-02-21T14:05:37.910541","level":"info","event":"Filling up the DagBag from /home/mimou/airflow/dags/05_query_with_dates.py","logger":"airflow.models.dagbag.DagBag"}
{"timestamp":"2026-02-21T14:06:08.868649","level":"info","event":"Filling up the DagBag from /home/mimou/airflow/dags/05_query_with_dates.py","logger":"airflow.models.dagbag.DagBag"}
{"timestamp":"2026-02-21T14:06:39.819532","level":"info","event":"Filling up the DagBag from /home/mimou/airflow/dags/05_query_with_dates.py","logger":"airflow.models.dagbag.DagBag"}
{"timestamp":"2026-02-21T14:06:58.845213","level":"info","event":"Filling up the DagBag from /home/mimou/airflow/dags/05_query_with_dates.py","logger":"airflow.models.dagbag.DagBag"}
{"timestamp":"2026-02-21T14:07:29.564120","level":"info","event":"Filling up the DagBag from /home/mimou/airflow/dags/05_query_with_dates.py","logger":"airflow.models.dagbag.DagBag"}
{"timestamp":"2026-02-21T14:08:00.189881","level":"info","event":"Filling up the DagBag from /home/mimou/airflow/dags/05_query_with_dates.py","logger":"airflow.models.dagbag.DagBag"}
{"timestamp":"2026-02-21T14:08:32.452852","level":"info","event":"Filling up the DagBag from /home/mimou/airflow/dags/05_query_with_dates.py","logger":"airflow.models.dagbag.DagBag"}
{"timestamp":"2026-02-21T14:09:03.350229","level":"info","event":"Filling up the DagBag from /home/mimou/airflow/dags/05_query_with_dates.py","logger":"airflow.models.dagbag.DagBag"}
{"timestamp":"2026-02-21T14:09:34.433077","level":"info","event":"Filling up the DagBag from /home/mimou/airflow/dags/05_query_with_dates.py","logger":"airflow.models.dagbag.DagBag"}
{"timestamp":"2026-02-21T14:10:05.526068","level":"info","event":"Filling up the DagBag from /home/mimou/airflow/dags/05_query_with_dates.py","logger":"airflow.models.dagbag.DagBag"}
{"timestamp":"2026-02-21T14:10:36.730647","level":"info","event":"Filling up the DagBag from /home/mimou/airflow/dags/05_query_with_dates.py","logger":"airflow.models.dagbag.DagBag"}
{"timestamp":"2026-02-21T14:11:07.757487","level":"info","event":"Filling up the DagBag from /home/mimou/airflow/dags/05_query_with_dates.py","logger":"airflow.models.dagbag.DagBag"}
{"timestamp":"2026-02-21T14:11:38.871742","level":"info","event":"Filling up the DagBag from /home/mimou/airflow/dags/05_query_with_dates.py","logger":"airflow.models.dagbag.DagBag"}
{"timestamp":"2026-02-21T14:11:41.174832","level":"info","event":"Filling up the DagBag from /home/mimou/airflow/dags/05_query_with_dates.py","logger":"airflow.models.dagbag.DagBag"}
{"timestamp":"2026-02-21T14:11:49.674524","level":"info","event":"Filling up the DagBag from /home/mimou/airflow/dags/05_query_with_dates.py","logger":"airflow.models.dagbag.DagBag"}
{"timestamp":"2026-02-21T14:12:04.541160","level":"info","event":"Filling up the DagBag from /home/mimou/airflow/dags/05_query_with_dates.py","logger":"airflow.models.dagbag.DagBag"}
{"timestamp":"2026-02-21T14:12:04.543155","level":"error","event":"Failed to import: /home/mimou/airflow/dags/05_query_with_dates.py","logger":"airflow.models.dagbag.DagBag","error_detail":[{"exc_type":"SyntaxError","exc_value":"invalid syntax. Perhaps you forgot a comma? (05_query_with_dates.py, line 39)","exc_notes":[],"syntax_error":{"offset":15,"filename":"/home/mimou/airflow/dags/05_query_with_dates.py","line":"    op_kwargs={\n","lineno":39,"msg":"invalid syntax. Perhaps you forgot a comma?"},"is_cause":false,"frames":[{"filename":"/home/mimou/venvs/airflow_3.0.6/lib/python3.12/site-packages/airflow/models/dagbag.py","lineno":394,"name":"parse"},{"filename":"<frozen importlib._bootstrap_external>","lineno":991,"name":"exec_module"},{"filename":"<frozen importlib._bootstrap_external>","lineno":1129,"name":"get_code"},{"filename":"<frozen importlib._bootstrap_external>","lineno":1059,"name":"source_to_code"},{"filename":"<frozen importlib._bootstrap>","lineno":488,"name":"_call_with_frames_removed"}],"is_group":false,"exceptions":[]}]}
{"timestamp":"2026-02-21T14:12:11.875297","level":"info","event":"Filling up the DagBag from /home/mimou/airflow/dags/05_query_with_dates.py","logger":"airflow.models.dagbag.DagBag"}
{"timestamp":"2026-02-21T14:12:11.877411","level":"error","event":"Failed to import: /home/mimou/airflow/dags/05_query_with_dates.py","logger":"airflow.models.dagbag.DagBag","error_detail":[{"exc_type":"SyntaxError","exc_value":"invalid syntax. Perhaps you forgot a comma? (05_query_with_dates.py, line 39)","exc_notes":[],"syntax_error":{"offset":15,"filename":"/home/mimou/airflow/dags/05_query_with_dates.py","line":"    op_kwargs={\n","lineno":39,"msg":"invalid syntax. Perhaps you forgot a comma?"},"is_cause":false,"frames":[{"filename":"/home/mimou/venvs/airflow_3.0.6/lib/python3.12/site-packages/airflow/models/dagbag.py","lineno":394,"name":"parse"},{"filename":"<frozen importlib._bootstrap_external>","lineno":991,"name":"exec_module"},{"filename":"<frozen importlib._bootstrap_external>","lineno":1129,"name":"get_code"},{"filename":"<frozen importlib._bootstrap_external>","lineno":1059,"name":"source_to_code"},{"filename":"<frozen importlib._bootstrap>","lineno":488,"name":"_call_with_frames_removed"}],"is_group":false,"exceptions":[]}]}
{"timestamp":"2026-02-21T14:12:42.033203","level":"info","event":"Filling up the DagBag from /home/mimou/airflow/dags/05_query_with_dates.py","logger":"airflow.models.dagbag.DagBag"}
{"timestamp":"2026-02-21T14:12:42.035594","level":"error","event":"Failed to import: /home/mimou/airflow/dags/05_query_with_dates.py","logger":"airflow.models.dagbag.DagBag","error_detail":[{"exc_type":"SyntaxError","exc_value":"invalid syntax. Perhaps you forgot a comma? (05_query_with_dates.py, line 39)","exc_notes":[],"syntax_error":{"offset":15,"filename":"/home/mimou/airflow/dags/05_query_with_dates.py","line":"    op_kwargs={\n","lineno":39,"msg":"invalid syntax. Perhaps you forgot a comma?"},"is_cause":false,"frames":[{"filename":"/home/mimou/venvs/airflow_3.0.6/lib/python3.12/site-packages/airflow/models/dagbag.py","lineno":394,"name":"parse"},{"filename":"<frozen importlib._bootstrap_external>","lineno":991,"name":"exec_module"},{"filename":"<frozen importlib._bootstrap_external>","lineno":1129,"name":"get_code"},{"filename":"<frozen importlib._bootstrap_external>","lineno":1059,"name":"source_to_code"},{"filename":"<frozen importlib._bootstrap>","lineno":488,"name":"_call_with_frames_removed"}],"is_group":false,"exceptions":[]}]}
{"timestamp":"2026-02-21T14:12:45.956188","level":"info","event":"Filling up the DagBag from /home/mimou/airflow/dags/05_query_with_dates.py","logger":"airflow.models.dagbag.DagBag"}
{"timestamp":"2026-02-21T14:12:45.958520","level":"error","event":"Failed to import: /home/mimou/airflow/dags/05_query_with_dates.py","logger":"airflow.models.dagbag.DagBag","error_detail":[{"exc_type":"SyntaxError","exc_value":"invalid syntax. Perhaps you forgot a comma? (05_query_with_dates.py, line 39)","exc_notes":[],"syntax_error":{"offset":15,"filename":"/home/mimou/airflow/dags/05_query_with_dates.py","line":"    op_kwargs={\n","lineno":39,"msg":"invalid syntax. Perhaps you forgot a comma?"},"is_cause":false,"frames":[{"filename":"/home/mimou/venvs/airflow_3.0.6/lib/python3.12/site-packages/airflow/models/dagbag.py","lineno":394,"name":"parse"},{"filename":"<frozen importlib._bootstrap_external>","lineno":991,"name":"exec_module"},{"filename":"<frozen importlib._bootstrap_external>","lineno":1129,"name":"get_code"},{"filename":"<frozen importlib._bootstrap_external>","lineno":1059,"name":"source_to_code"},{"filename":"<frozen importlib._bootstrap>","lineno":488,"name":"_call_with_frames_removed"}],"is_group":false,"exceptions":[]}]}
{"timestamp":"2026-02-21T14:13:10.576913","level":"info","event":"Filling up the DagBag from /home/mimou/airflow/dags/05_query_with_dates.py","logger":"airflow.models.dagbag.DagBag"}
{"timestamp":"2026-02-21T14:13:10.578474","level":"error","event":"Failed to import: /home/mimou/airflow/dags/05_query_with_dates.py","logger":"airflow.models.dagbag.DagBag","error_detail":[{"exc_type":"SyntaxError","exc_value":"invalid syntax (05_query_with_dates.py, line 10)","exc_notes":[],"syntax_error":{"offset":11,"filename":"/home/mimou/airflow/dags/05_query_with_dates.py","line":"    dag_id: '05_query_with_dates' ,\n","lineno":10,"msg":"invalid syntax"},"is_cause":false,"frames":[{"filename":"/home/mimou/venvs/airflow_3.0.6/lib/python3.12/site-packages/airflow/models/dagbag.py","lineno":394,"name":"parse"},{"filename":"<frozen importlib._bootstrap_external>","lineno":991,"name":"exec_module"},{"filename":"<frozen importlib._bootstrap_external>","lineno":1129,"name":"get_code"},{"filename":"<frozen importlib._bootstrap_external>","lineno":1059,"name":"source_to_code"},{"filename":"<frozen importlib._bootstrap>","lineno":488,"name":"_call_with_frames_removed"}],"is_group":false,"exceptions":[]}]}
{"timestamp":"2026-02-21T14:13:40.659925","level":"info","event":"Filling up the DagBag from /home/mimou/airflow/dags/05_query_with_dates.py","logger":"airflow.models.dagbag.DagBag"}
{"timestamp":"2026-02-21T14:13:40.662051","level":"error","event":"Failed to import: /home/mimou/airflow/dags/05_query_with_dates.py","logger":"airflow.models.dagbag.DagBag","error_detail":[{"exc_type":"SyntaxError","exc_value":"invalid syntax (05_query_with_dates.py, line 10)","exc_notes":[],"syntax_error":{"offset":11,"filename":"/home/mimou/airflow/dags/05_query_with_dates.py","line":"    dag_id: '05_query_with_dates' ,\n","lineno":10,"msg":"invalid syntax"},"is_cause":false,"frames":[{"filename":"/home/mimou/venvs/airflow_3.0.6/lib/python3.12/site-packages/airflow/models/dagbag.py","lineno":394,"name":"parse"},{"filename":"<frozen importlib._bootstrap_external>","lineno":991,"name":"exec_module"},{"filename":"<frozen importlib._bootstrap_external>","lineno":1129,"name":"get_code"},{"filename":"<frozen importlib._bootstrap_external>","lineno":1059,"name":"source_to_code"},{"filename":"<frozen importlib._bootstrap>","lineno":488,"name":"_call_with_frames_removed"}],"is_group":false,"exceptions":[]}]}
{"timestamp":"2026-02-21T14:14:18.200935","level":"info","event":"Filling up the DagBag from /home/mimou/airflow/dags/05_query_with_dates.py","logger":"airflow.models.dagbag.DagBag"}
{"timestamp":"2026-02-21T14:14:18.203178","level":"error","event":"Failed to import: /home/mimou/airflow/dags/05_query_with_dates.py","logger":"airflow.models.dagbag.DagBag","error_detail":[{"exc_type":"SyntaxError","exc_value":"invalid syntax (05_query_with_dates.py, line 10)","exc_notes":[],"syntax_error":{"offset":11,"filename":"/home/mimou/airflow/dags/05_query_with_dates.py","line":"    dag_id: '05_query_with_dates' ,\n","lineno":10,"msg":"invalid syntax"},"is_cause":false,"frames":[{"filename":"/home/mimou/venvs/airflow_3.0.6/lib/python3.12/site-packages/airflow/models/dagbag.py","lineno":394,"name":"parse"},{"filename":"<frozen importlib._bootstrap_external>","lineno":991,"name":"exec_module"},{"filename":"<frozen importlib._bootstrap_external>","lineno":1129,"name":"get_code"},{"filename":"<frozen importlib._bootstrap_external>","lineno":1059,"name":"source_to_code"},{"filename":"<frozen importlib._bootstrap>","lineno":488,"name":"_call_with_frames_removed"}],"is_group":false,"exceptions":[]}]}
{"timestamp":"2026-02-21T14:14:45.937778","level":"info","event":"Filling up the DagBag from /home/mimou/airflow/dags/05_query_with_dates.py","logger":"airflow.models.dagbag.DagBag"}
{"timestamp":"2026-02-21T14:14:45.940295","level":"error","event":"Failed to import: /home/mimou/airflow/dags/05_query_with_dates.py","logger":"airflow.models.dagbag.DagBag","error_detail":[{"exc_type":"SyntaxError","exc_value":"invalid syntax. Perhaps you forgot a comma? (05_query_with_dates.py, line 39)","exc_notes":[],"syntax_error":{"offset":15,"filename":"/home/mimou/airflow/dags/05_query_with_dates.py","line":"    op_kwargs={\n","lineno":39,"msg":"invalid syntax. Perhaps you forgot a comma?"},"is_cause":false,"frames":[{"filename":"/home/mimou/venvs/airflow_3.0.6/lib/python3.12/site-packages/airflow/models/dagbag.py","lineno":394,"name":"parse"},{"filename":"<frozen importlib._bootstrap_external>","lineno":991,"name":"exec_module"},{"filename":"<frozen importlib._bootstrap_external>","lineno":1129,"name":"get_code"},{"filename":"<frozen importlib._bootstrap_external>","lineno":1059,"name":"source_to_code"},{"filename":"<frozen importlib._bootstrap>","lineno":488,"name":"_call_with_frames_removed"}],"is_group":false,"exceptions":[]}]}
{"timestamp":"2026-02-21T14:15:12.943387","level":"info","event":"Filling up the DagBag from /home/mimou/airflow/dags/05_query_with_dates.py","logger":"airflow.models.dagbag.DagBag"}
{"timestamp":"2026-02-21T14:15:44.255647","level":"info","event":"Filling up the DagBag from /home/mimou/airflow/dags/05_query_with_dates.py","logger":"airflow.models.dagbag.DagBag"}
{"timestamp":"2026-02-21T14:16:15.486596","level":"info","event":"Filling up the DagBag from /home/mimou/airflow/dags/05_query_with_dates.py","logger":"airflow.models.dagbag.DagBag"}
{"timestamp":"2026-02-21T14:16:46.664668","level":"info","event":"Filling up the DagBag from /home/mimou/airflow/dags/05_query_with_dates.py","logger":"airflow.models.dagbag.DagBag"}
{"timestamp":"2026-02-21T14:17:17.814723","level":"info","event":"Filling up the DagBag from /home/mimou/airflow/dags/05_query_with_dates.py","logger":"airflow.models.dagbag.DagBag"}
{"timestamp":"2026-02-21T14:17:48.197740","level":"info","event":"Filling up the DagBag from /home/mimou/airflow/dags/05_query_with_dates.py","logger":"airflow.models.dagbag.DagBag"}
{"timestamp":"2026-02-21T14:18:19.492145","level":"info","event":"Filling up the DagBag from /home/mimou/airflow/dags/05_query_with_dates.py","logger":"airflow.models.dagbag.DagBag"}
{"timestamp":"2026-02-21T14:18:46.425193","level":"info","event":"Filling up the DagBag from /home/mimou/airflow/dags/05_query_with_dates.py","logger":"airflow.models.dagbag.DagBag"}
{"timestamp":"2026-02-21T14:19:16.830370","level":"info","event":"Filling up the DagBag from /home/mimou/airflow/dags/05_query_with_dates.py","logger":"airflow.models.dagbag.DagBag"}
{"timestamp":"2026-02-21T14:19:47.771568","level":"info","event":"Filling up the DagBag from /home/mimou/airflow/dags/05_query_with_dates.py","logger":"airflow.models.dagbag.DagBag"}
{"timestamp":"2026-02-21T14:20:12.844856","level":"info","event":"Filling up the DagBag from /home/mimou/airflow/dags/05_query_with_dates.py","logger":"airflow.models.dagbag.DagBag"}
{"timestamp":"2026-02-21T14:20:43.776732","level":"info","event":"Filling up the DagBag from /home/mimou/airflow/dags/05_query_with_dates.py","logger":"airflow.models.dagbag.DagBag"}
{"timestamp":"2026-02-21T14:21:14.754963","level":"info","event":"Filling up the DagBag from /home/mimou/airflow/dags/05_query_with_dates.py","logger":"airflow.models.dagbag.DagBag"}
{"timestamp":"2026-02-21T14:21:45.539193","level":"info","event":"Filling up the DagBag from /home/mimou/airflow/dags/05_query_with_dates.py","logger":"airflow.models.dagbag.DagBag"}
{"timestamp":"2026-02-21T14:22:16.321408","level":"info","event":"Filling up the DagBag from /home/mimou/airflow/dags/05_query_with_dates.py","logger":"airflow.models.dagbag.DagBag"}
{"timestamp":"2026-02-21T14:25:13.059672","level":"info","event":"Filling up the DagBag from /home/mimou/airflow/dags/05_query_with_dates.py","logger":"airflow.models.dagbag.DagBag"}
{"timestamp":"2026-02-21T14:25:44.009260","level":"info","event":"Filling up the DagBag from /home/mimou/airflow/dags/05_query_with_dates.py","logger":"airflow.models.dagbag.DagBag"}
{"timestamp":"2026-02-21T14:26:15.418640","level":"info","event":"Filling up the DagBag from /home/mimou/airflow/dags/05_query_with_dates.py","logger":"airflow.models.dagbag.DagBag"}
{"timestamp":"2026-02-21T14:26:46.088551","level":"info","event":"Filling up the DagBag from /home/mimou/airflow/dags/05_query_with_dates.py","logger":"airflow.models.dagbag.DagBag"}
{"timestamp":"2026-02-21T14:27:16.528661","level":"info","event":"Filling up the DagBag from /home/mimou/airflow/dags/05_query_with_dates.py","logger":"airflow.models.dagbag.DagBag"}
{"timestamp":"2026-02-21T14:27:47.238231","level":"info","event":"Filling up the DagBag from /home/mimou/airflow/dags/05_query_with_dates.py","logger":"airflow.models.dagbag.DagBag"}
{"timestamp":"2026-02-21T14:28:18.565232","level":"info","event":"Filling up the DagBag from /home/mimou/airflow/dags/05_query_with_dates.py","logger":"airflow.models.dagbag.DagBag"}
{"timestamp":"2026-02-21T14:28:49.816513","level":"info","event":"Filling up the DagBag from /home/mimou/airflow/dags/05_query_with_dates.py","logger":"airflow.models.dagbag.DagBag"}
{"timestamp":"2026-02-21T14:29:20.743035","level":"info","event":"Filling up the DagBag from /home/mimou/airflow/dags/05_query_with_dates.py","logger":"airflow.models.dagbag.DagBag"}
{"timestamp":"2026-02-21T14:29:51.081603","level":"info","event":"Filling up the DagBag from /home/mimou/airflow/dags/05_query_with_dates.py","logger":"airflow.models.dagbag.DagBag"}
{"timestamp":"2026-02-21T14:30:22.389236","level":"info","event":"Filling up the DagBag from /home/mimou/airflow/dags/05_query_with_dates.py","logger":"airflow.models.dagbag.DagBag"}
{"timestamp":"2026-02-21T14:30:53.635534","level":"info","event":"Filling up the DagBag from /home/mimou/airflow/dags/05_query_with_dates.py","logger":"airflow.models.dagbag.DagBag"}
{"timestamp":"2026-02-21T14:31:24.565757","level":"info","event":"Filling up the DagBag from /home/mimou/airflow/dags/05_query_with_dates.py","logger":"airflow.models.dagbag.DagBag"}
{"timestamp":"2026-02-21T14:31:55.475896","level":"info","event":"Filling up the DagBag from /home/mimou/airflow/dags/05_query_with_dates.py","logger":"airflow.models.dagbag.DagBag"}
{"timestamp":"2026-02-21T14:32:26.384282","level":"info","event":"Filling up the DagBag from /home/mimou/airflow/dags/05_query_with_dates.py","logger":"airflow.models.dagbag.DagBag"}
{"timestamp":"2026-02-21T14:32:57.194519","level":"info","event":"Filling up the DagBag from /home/mimou/airflow/dags/05_query_with_dates.py","logger":"airflow.models.dagbag.DagBag"}
{"timestamp":"2026-02-21T14:33:28.500641","level":"info","event":"Filling up the DagBag from /home/mimou/airflow/dags/05_query_with_dates.py","logger":"airflow.models.dagbag.DagBag"}
{"timestamp":"2026-02-21T14:33:59.656333","level":"info","event":"Filling up the DagBag from /home/mimou/airflow/dags/05_query_with_dates.py","logger":"airflow.models.dagbag.DagBag"}
{"timestamp":"2026-02-21T14:34:30.584295","level":"info","event":"Filling up the DagBag from /home/mimou/airflow/dags/05_query_with_dates.py","logger":"airflow.models.dagbag.DagBag"}
{"timestamp":"2026-02-21T14:35:01.718285","level":"info","event":"Filling up the DagBag from /home/mimou/airflow/dags/05_query_with_dates.py","logger":"airflow.models.dagbag.DagBag"}
