{"timestamp":"2026-03-08T20:29:19.530204","level":"info","event":"DAG bundles loaded: dags-folder","logger":"airflow.dag_processing.bundles.manager.DagBundlesManager"}
{"timestamp":"2026-03-08T20:29:19.531033","level":"info","event":"Filling up the DagBag from /home/mimou/airflow/dags/07_supermarket_exercise.py","logger":"airflow.models.dagbag.DagBag"}
{"timestamp":"2026-03-08T20:29:19.580743","level":"warning","event":"Using Connection.get_connection_from_secrets from `airflow.models` is deprecated.Please use `get` on Connection from sdk(`airflow.sdk.Connection`) instead","category":"DeprecationWarning","filename":"/home/mimou/venvs/airflow_3.0.6/lib/python3.12/site-packages/airflow/models/connection.py","lineno":471,"logger":"py.warnings"}
{"timestamp":"2026-03-08T20:29:19.592807","level":"info","event":"Connection Retrieved 'fs_default'","logger":"airflow.hooks.base"}
{"timestamp":"2026-03-08T20:29:19.593665","level":"info","event":"Poking for file /home/mimou/airflow/data/supermarket1/_SUCCESS","logger":"airflow.task.operators.airflow.providers.standard.sensors.filesystem.FileSensor"}
{"timestamp":"2026-03-08T20:29:19.594049","level":"info","event":"Rescheduling task, marking task as UP_FOR_RESCHEDULE","logger":"task"}
{"timestamp":"2026-03-08T20:30:20.713971","level":"info","event":"DAG bundles loaded: dags-folder","logger":"airflow.dag_processing.bundles.manager.DagBundlesManager"}
{"timestamp":"2026-03-08T20:30:20.714461","level":"info","event":"Filling up the DagBag from /home/mimou/airflow/dags/07_supermarket_exercise.py","logger":"airflow.models.dagbag.DagBag"}
{"timestamp":"2026-03-08T20:30:20.771920","level":"warning","event":"Using Connection.get_connection_from_secrets from `airflow.models` is deprecated.Please use `get` on Connection from sdk(`airflow.sdk.Connection`) instead","category":"DeprecationWarning","filename":"/home/mimou/venvs/airflow_3.0.6/lib/python3.12/site-packages/airflow/models/connection.py","lineno":471,"logger":"py.warnings"}
{"timestamp":"2026-03-08T20:30:20.780630","level":"info","event":"Connection Retrieved 'fs_default'","logger":"airflow.hooks.base"}
{"timestamp":"2026-03-08T20:30:20.781258","level":"info","event":"Poking for file /home/mimou/airflow/data/supermarket1/_SUCCESS","logger":"airflow.task.operators.airflow.providers.standard.sensors.filesystem.FileSensor"}
{"timestamp":"2026-03-08T20:30:20.781550","level":"info","event":"Rescheduling task, marking task as UP_FOR_RESCHEDULE","logger":"task"}
{"timestamp":"2026-03-08T20:31:20.965134","level":"info","event":"DAG bundles loaded: dags-folder","logger":"airflow.dag_processing.bundles.manager.DagBundlesManager"}
{"timestamp":"2026-03-08T20:31:20.965657","level":"info","event":"Filling up the DagBag from /home/mimou/airflow/dags/07_supermarket_exercise.py","logger":"airflow.models.dagbag.DagBag"}
{"timestamp":"2026-03-08T20:31:21.011606","level":"warning","event":"Using Connection.get_connection_from_secrets from `airflow.models` is deprecated.Please use `get` on Connection from sdk(`airflow.sdk.Connection`) instead","category":"DeprecationWarning","filename":"/home/mimou/venvs/airflow_3.0.6/lib/python3.12/site-packages/airflow/models/connection.py","lineno":471,"logger":"py.warnings"}
{"timestamp":"2026-03-08T20:31:21.019251","level":"info","event":"Connection Retrieved 'fs_default'","logger":"airflow.hooks.base"}
{"timestamp":"2026-03-08T20:31:21.020038","level":"info","event":"Poking for file /home/mimou/airflow/data/supermarket1/_SUCCESS","logger":"airflow.task.operators.airflow.providers.standard.sensors.filesystem.FileSensor"}
{"timestamp":"2026-03-08T20:31:21.020333","level":"info","event":"Rescheduling task, marking task as UP_FOR_RESCHEDULE","logger":"task"}
{"timestamp":"2026-03-08T20:32:21.324733","level":"info","event":"DAG bundles loaded: dags-folder","logger":"airflow.dag_processing.bundles.manager.DagBundlesManager"}
{"timestamp":"2026-03-08T20:32:21.325355","level":"info","event":"Filling up the DagBag from /home/mimou/airflow/dags/07_supermarket_exercise.py","logger":"airflow.models.dagbag.DagBag"}
{"timestamp":"2026-03-08T20:32:21.399650","level":"warning","event":"Using Connection.get_connection_from_secrets from `airflow.models` is deprecated.Please use `get` on Connection from sdk(`airflow.sdk.Connection`) instead","category":"DeprecationWarning","filename":"/home/mimou/venvs/airflow_3.0.6/lib/python3.12/site-packages/airflow/models/connection.py","lineno":471,"logger":"py.warnings"}
{"timestamp":"2026-03-08T20:32:21.408963","level":"info","event":"Connection Retrieved 'fs_default'","logger":"airflow.hooks.base"}
{"timestamp":"2026-03-08T20:32:21.409533","level":"info","event":"Poking for file /home/mimou/airflow/data/supermarket1/_SUCCESS","logger":"airflow.task.operators.airflow.providers.standard.sensors.filesystem.FileSensor"}
{"timestamp":"2026-03-08T20:32:21.409869","level":"info","event":"Rescheduling task, marking task as UP_FOR_RESCHEDULE","logger":"task"}
