{"timestamp":"2026-03-08T20:32:36.552379","level":"info","event":"DAG bundles loaded: dags-folder","logger":"airflow.dag_processing.bundles.manager.DagBundlesManager"}
{"timestamp":"2026-03-08T20:32:36.553069","level":"info","event":"Filling up the DagBag from /home/mimou/airflow/dags/07_supermarket_exercise.py","logger":"airflow.models.dagbag.DagBag"}
{"timestamp":"2026-03-08T20:32:36.595012","level":"warning","event":"Using Connection.get_connection_from_secrets from `airflow.models` is deprecated.Please use `get` on Connection from sdk(`airflow.sdk.Connection`) instead","category":"DeprecationWarning","filename":"/home/mimou/venvs/airflow_3.0.6/lib/python3.12/site-packages/airflow/models/connection.py","lineno":471,"logger":"py.warnings"}
{"timestamp":"2026-03-08T20:32:36.603250","level":"info","event":"Connection Retrieved 'fs_default'","logger":"airflow.hooks.base"}
{"timestamp":"2026-03-08T20:32:36.603686","level":"info","event":"Poking for file /home/mimou/airflow/data/supermarket1/_SUCCESS","logger":"airflow.task.operators.airflow.providers.standard.sensors.filesystem.FileSensor"}
{"timestamp":"2026-03-08T20:32:36.604039","level":"info","event":"Rescheduling task, marking task as UP_FOR_RESCHEDULE","logger":"task"}
{"timestamp":"2026-03-08T20:33:37.755596","level":"info","event":"DAG bundles loaded: dags-folder","logger":"airflow.dag_processing.bundles.manager.DagBundlesManager"}
{"timestamp":"2026-03-08T20:33:37.756168","level":"info","event":"Filling up the DagBag from /home/mimou/airflow/dags/07_supermarket_exercise.py","logger":"airflow.models.dagbag.DagBag"}
{"timestamp":"2026-03-08T20:33:37.819971","level":"warning","event":"Using Connection.get_connection_from_secrets from `airflow.models` is deprecated.Please use `get` on Connection from sdk(`airflow.sdk.Connection`) instead","category":"DeprecationWarning","filename":"/home/mimou/venvs/airflow_3.0.6/lib/python3.12/site-packages/airflow/models/connection.py","lineno":471,"logger":"py.warnings"}
{"timestamp":"2026-03-08T20:33:37.830606","level":"info","event":"Connection Retrieved 'fs_default'","logger":"airflow.hooks.base"}
{"timestamp":"2026-03-08T20:33:37.831447","level":"info","event":"Poking for file /home/mimou/airflow/data/supermarket1/_SUCCESS","logger":"airflow.task.operators.airflow.providers.standard.sensors.filesystem.FileSensor"}
{"timestamp":"2026-03-08T20:33:37.831953","level":"info","event":"Rescheduling task, marking task as UP_FOR_RESCHEDULE","logger":"task"}
{"timestamp":"2026-03-08T20:34:38.793835","level":"info","event":"DAG bundles loaded: dags-folder","logger":"airflow.dag_processing.bundles.manager.DagBundlesManager"}
{"timestamp":"2026-03-08T20:34:38.794495","level":"info","event":"Filling up the DagBag from /home/mimou/airflow/dags/07_supermarket_exercise.py","logger":"airflow.models.dagbag.DagBag"}
{"timestamp":"2026-03-08T20:34:38.841590","level":"warning","event":"Using Connection.get_connection_from_secrets from `airflow.models` is deprecated.Please use `get` on Connection from sdk(`airflow.sdk.Connection`) instead","category":"DeprecationWarning","filename":"/home/mimou/venvs/airflow_3.0.6/lib/python3.12/site-packages/airflow/models/connection.py","lineno":471,"logger":"py.warnings"}
{"timestamp":"2026-03-08T20:34:38.849450","level":"info","event":"Connection Retrieved 'fs_default'","logger":"airflow.hooks.base"}
{"timestamp":"2026-03-08T20:34:38.850099","level":"info","event":"Poking for file /home/mimou/airflow/data/supermarket1/_SUCCESS","logger":"airflow.task.operators.airflow.providers.standard.sensors.filesystem.FileSensor"}
{"timestamp":"2026-03-08T20:34:38.850411","level":"info","event":"Rescheduling task, marking task as UP_FOR_RESCHEDULE","logger":"task"}
{"timestamp":"2026-03-08T20:35:39.651337","level":"info","event":"DAG bundles loaded: dags-folder","logger":"airflow.dag_processing.bundles.manager.DagBundlesManager"}
{"timestamp":"2026-03-08T20:35:39.651973","level":"info","event":"Filling up the DagBag from /home/mimou/airflow/dags/07_supermarket_exercise.py","logger":"airflow.models.dagbag.DagBag"}
{"timestamp":"2026-03-08T20:35:39.718505","level":"warning","event":"Using Connection.get_connection_from_secrets from `airflow.models` is deprecated.Please use `get` on Connection from sdk(`airflow.sdk.Connection`) instead","category":"DeprecationWarning","filename":"/home/mimou/venvs/airflow_3.0.6/lib/python3.12/site-packages/airflow/models/connection.py","lineno":471,"logger":"py.warnings"}
{"timestamp":"2026-03-08T20:35:39.727898","level":"info","event":"Connection Retrieved 'fs_default'","logger":"airflow.hooks.base"}
{"timestamp":"2026-03-08T20:35:39.728419","level":"info","event":"Poking for file /home/mimou/airflow/data/supermarket1/_SUCCESS","logger":"airflow.task.operators.airflow.providers.standard.sensors.filesystem.FileSensor"}
{"timestamp":"2026-03-08T20:35:39.728786","level":"info","event":"Rescheduling task, marking task as UP_FOR_RESCHEDULE","logger":"task"}
{"timestamp":"2026-03-08T20:36:39.934895","level":"info","event":"DAG bundles loaded: dags-folder","logger":"airflow.dag_processing.bundles.manager.DagBundlesManager"}
{"timestamp":"2026-03-08T20:36:39.935544","level":"info","event":"Filling up the DagBag from /home/mimou/airflow/dags/07_supermarket_exercise.py","logger":"airflow.models.dagbag.DagBag"}
{"timestamp":"2026-03-08T20:36:39.988626","level":"warning","event":"Using Connection.get_connection_from_secrets from `airflow.models` is deprecated.Please use `get` on Connection from sdk(`airflow.sdk.Connection`) instead","category":"DeprecationWarning","filename":"/home/mimou/venvs/airflow_3.0.6/lib/python3.12/site-packages/airflow/models/connection.py","lineno":471,"logger":"py.warnings"}
{"timestamp":"2026-03-08T20:36:39.996534","level":"info","event":"Connection Retrieved 'fs_default'","logger":"airflow.hooks.base"}
{"timestamp":"2026-03-08T20:36:39.997258","level":"info","event":"Poking for file /home/mimou/airflow/data/supermarket1/_SUCCESS","logger":"airflow.task.operators.airflow.providers.standard.sensors.filesystem.FileSensor"}
{"timestamp":"2026-03-08T20:36:39.997648","level":"info","event":"Rescheduling task, marking task as UP_FOR_RESCHEDULE","logger":"task"}
{"timestamp":"2026-03-08T20:37:40.356074","level":"info","event":"DAG bundles loaded: dags-folder","logger":"airflow.dag_processing.bundles.manager.DagBundlesManager"}
{"timestamp":"2026-03-08T20:37:40.356910","level":"info","event":"Filling up the DagBag from /home/mimou/airflow/dags/07_supermarket_exercise.py","logger":"airflow.models.dagbag.DagBag"}
{"timestamp":"2026-03-08T20:37:40.418421","level":"warning","event":"Using Connection.get_connection_from_secrets from `airflow.models` is deprecated.Please use `get` on Connection from sdk(`airflow.sdk.Connection`) instead","category":"DeprecationWarning","filename":"/home/mimou/venvs/airflow_3.0.6/lib/python3.12/site-packages/airflow/models/connection.py","lineno":471,"logger":"py.warnings"}
{"timestamp":"2026-03-08T20:37:40.426950","level":"info","event":"Connection Retrieved 'fs_default'","logger":"airflow.hooks.base"}
{"timestamp":"2026-03-08T20:37:40.428669","level":"info","event":"Poking for file /home/mimou/airflow/data/supermarket1/_SUCCESS","logger":"airflow.task.operators.airflow.providers.standard.sensors.filesystem.FileSensor"}
{"timestamp":"2026-03-08T20:37:40.429259","level":"info","event":"Rescheduling task, marking task as UP_FOR_RESCHEDULE","logger":"task"}
{"timestamp":"2026-03-08T20:38:41.505230","level":"info","event":"DAG bundles loaded: dags-folder","logger":"airflow.dag_processing.bundles.manager.DagBundlesManager"}
{"timestamp":"2026-03-08T20:38:41.505704","level":"info","event":"Filling up the DagBag from /home/mimou/airflow/dags/07_supermarket_exercise.py","logger":"airflow.models.dagbag.DagBag"}
{"timestamp":"2026-03-08T20:38:41.553110","level":"warning","event":"Using Connection.get_connection_from_secrets from `airflow.models` is deprecated.Please use `get` on Connection from sdk(`airflow.sdk.Connection`) instead","category":"DeprecationWarning","filename":"/home/mimou/venvs/airflow_3.0.6/lib/python3.12/site-packages/airflow/models/connection.py","lineno":471,"logger":"py.warnings"}
{"timestamp":"2026-03-08T20:38:41.561298","level":"info","event":"Connection Retrieved 'fs_default'","logger":"airflow.hooks.base"}
{"timestamp":"2026-03-08T20:38:41.561911","level":"info","event":"Poking for file /home/mimou/airflow/data/supermarket1/_SUCCESS","logger":"airflow.task.operators.airflow.providers.standard.sensors.filesystem.FileSensor"}
{"timestamp":"2026-03-08T20:38:41.562156","level":"info","event":"Success criteria met. Exiting.","logger":"airflow.task.operators.airflow.providers.standard.sensors.filesystem.FileSensor"}
{"timestamp":"2026-03-08T20:38:41.562231","level":"info","event":"Poking for file /home/mimou/airflow/data/supermarket1/_SUCCESS","logger":"airflow.task.operators.airflow.providers.standard.sensors.filesystem.FileSensor"}
