{"timestamp":"2026-02-10T10:36:22.283076","level":"info","event":"DAG bundles loaded: dags-folder, example_dags","logger":"airflow.dag_processing.bundles.manager.DagBundlesManager"}
{"timestamp":"2026-02-10T10:36:22.283891","level":"info","event":"Filling up the DagBag from /home/mimou/venvs/airflow_3.0.6/lib/python3.12/site-packages/airflow/example_dags/tutorial.py","logger":"airflow.models.dagbag.DagBag"}
{"timestamp":"2026-02-10T10:36:22.338248Z","level":"info","event":"Task instance is in running state","chan":"stdout","logger":"task"}
{"timestamp":"2026-02-10T10:36:22.338518Z","level":"info","event":" Previous state of the Task instance: TaskInstanceState.QUEUED","chan":"stdout","logger":"task"}
{"timestamp":"2026-02-10T10:36:22.338717Z","level":"info","event":"Current task name:templated","chan":"stdout","logger":"task"}
{"timestamp":"2026-02-10T10:36:22.338827Z","level":"info","event":"Dag name:tutorial","chan":"stdout","logger":"task"}
{"timestamp":"2026-02-10T10:36:22.339315","level":"info","event":"Tmp dir root location: /tmp","logger":"airflow.task.hooks.airflow.providers.standard.hooks.subprocess.SubprocessHook"}
{"timestamp":"2026-02-10T10:36:22.340390","level":"info","event":"Running command: ['/usr/bin/bash', '-c', '\\n\\n    echo \"2026-02-10\"\\n    echo \"2026-02-17\"\\n\\n    echo \"2026-02-10\"\\n    echo \"2026-02-17\"\\n\\n    echo \"2026-02-10\"\\n    echo \"2026-02-17\"\\n\\n    echo \"2026-02-10\"\\n    echo \"2026-02-17\"\\n\\n    echo \"2026-02-10\"\\n    echo \"2026-02-17\"\\n']","logger":"airflow.task.hooks.airflow.providers.standard.hooks.subprocess.SubprocessHook"}
{"timestamp":"2026-02-10T10:36:22.351916","level":"info","event":"Output:","logger":"airflow.task.hooks.airflow.providers.standard.hooks.subprocess.SubprocessHook"}
{"timestamp":"2026-02-10T10:36:22.352690","level":"info","event":"2026-02-10","logger":"airflow.task.hooks.airflow.providers.standard.hooks.subprocess.SubprocessHook"}
{"timestamp":"2026-02-10T10:36:22.352820","level":"info","event":"2026-02-17","logger":"airflow.task.hooks.airflow.providers.standard.hooks.subprocess.SubprocessHook"}
{"timestamp":"2026-02-10T10:36:22.352874","level":"info","event":"2026-02-10","logger":"airflow.task.hooks.airflow.providers.standard.hooks.subprocess.SubprocessHook"}
{"timestamp":"2026-02-10T10:36:22.352913","level":"info","event":"2026-02-17","logger":"airflow.task.hooks.airflow.providers.standard.hooks.subprocess.SubprocessHook"}
{"timestamp":"2026-02-10T10:36:22.352957","level":"info","event":"2026-02-10","logger":"airflow.task.hooks.airflow.providers.standard.hooks.subprocess.SubprocessHook"}
{"timestamp":"2026-02-10T10:36:22.352999","level":"info","event":"2026-02-17","logger":"airflow.task.hooks.airflow.providers.standard.hooks.subprocess.SubprocessHook"}
{"timestamp":"2026-02-10T10:36:22.353041","level":"info","event":"2026-02-10","logger":"airflow.task.hooks.airflow.providers.standard.hooks.subprocess.SubprocessHook"}
{"timestamp":"2026-02-10T10:36:22.353082","level":"info","event":"2026-02-17","logger":"airflow.task.hooks.airflow.providers.standard.hooks.subprocess.SubprocessHook"}
{"timestamp":"2026-02-10T10:36:22.353120","level":"info","event":"2026-02-10","logger":"airflow.task.hooks.airflow.providers.standard.hooks.subprocess.SubprocessHook"}
{"timestamp":"2026-02-10T10:36:22.353159","level":"info","event":"2026-02-17","logger":"airflow.task.hooks.airflow.providers.standard.hooks.subprocess.SubprocessHook"}
{"timestamp":"2026-02-10T10:36:22.353261","level":"info","event":"Command exited with return code 0","logger":"airflow.task.hooks.airflow.providers.standard.hooks.subprocess.SubprocessHook"}
{"timestamp":"2026-02-10T10:36:22.354152","level":"info","event":"Pushing xcom","ti":"RuntimeTaskInstance(id=UUID('019c471f-9dda-7269-9627-7d250e604bde'), task_id='templated', dag_id='tutorial', run_id='scheduled__2026-02-10T10:36:06.063143+00:00', try_number=1, map_index=-1, hostname='Mimou.localdomain', context_carrier=None, task=<Task(BashOperator): templated>, bundle_instance=LocalDagBundle(name=example_dags), max_tries=1, start_date=datetime.datetime(2026, 2, 10, 10, 36, 22, 248529, tzinfo=datetime.timezone.utc), end_date=None, state=<TaskInstanceState.RUNNING: 'running'>, is_mapped=False, rendered_map_index=None, log_url='http://localhost:8080/dags/tutorial/runs/scheduled__2026-02-10T10%3A36%3A06.063143%2B00%3A00/tasks/templated?try_number=1')","logger":"task"}
{"timestamp":"2026-02-10T10:36:22.388259Z","level":"info","event":"Task instance in success state","chan":"stdout","logger":"task"}
{"timestamp":"2026-02-10T10:36:22.388457Z","level":"info","event":" Previous state of the Task instance: TaskInstanceState.RUNNING","chan":"stdout","logger":"task"}
{"timestamp":"2026-02-10T10:36:22.389162Z","level":"info","event":"Task operator:<Task(BashOperator): templated>","chan":"stdout","logger":"task"}
