{"timestamp":"2026-03-23T12:09:31.107324","level":"info","event":"DAG bundles loaded: dags-folder","logger":"airflow.dag_processing.bundles.manager.DagBundlesManager"}
{"timestamp":"2026-03-23T12:09:31.107969","level":"info","event":"Filling up the DagBag from /home/mimou/airflow/dags/gold_war_pipeline.py","logger":"airflow.models.dagbag.DagBag"}
{"timestamp":"2026-03-23T12:09:33.190378Z","level":"info","event":"Loaded training data: (557, 15)","chan":"stdout","logger":"task"}
{"timestamp":"2026-03-23T12:09:34.684812Z","level":"info","event":"  RandomForest: CV accuracy = 0.4854 ± 0.0193","chan":"stdout","logger":"task"}
{"timestamp":"2026-03-23T12:09:35.090033Z","level":"info","event":"  GradientBoosting: CV accuracy = 0.5506 ± 0.0071","chan":"stdout","logger":"task"}
{"timestamp":"2026-03-23T12:09:35.110997Z","level":"info","event":"  LogisticRegression: CV accuracy = 0.5169 ± 0.0564","chan":"stdout","logger":"task"}
{"timestamp":"2026-03-23T12:09:35.111183Z","level":"info","event":"","chan":"stdout","logger":"task"}
{"timestamp":"2026-03-23T12:09:35.111234Z","level":"info","event":"Best model: GradientBoosting (CV accuracy: 0.5506)","chan":"stdout","logger":"task"}
{"timestamp":"2026-03-23T12:09:35.206336Z","level":"info","event":"","chan":"stdout","logger":"task"}
{"timestamp":"2026-03-23T12:09:35.206465Z","level":"info","event":"Test accuracy : 0.5000","chan":"stdout","logger":"task"}
{"timestamp":"2026-03-23T12:09:35.206507Z","level":"info","event":"ROC-AUC       : 0.4577","chan":"stdout","logger":"task"}
{"timestamp":"2026-03-23T12:09:35.206537Z","level":"info","event":"","chan":"stdout","logger":"task"}
{"timestamp":"2026-03-23T12:09:35.206564Z","level":"info","event":"Classification Report:","chan":"stdout","logger":"task"}
{"timestamp":"2026-03-23T12:09:35.210138Z","level":"info","event":"              precision    recall  f1-score   support","chan":"stdout","logger":"task"}
{"timestamp":"2026-03-23T12:09:35.210257Z","level":"info","event":"","chan":"stdout","logger":"task"}
{"timestamp":"2026-03-23T12:09:35.210299Z","level":"info","event":"           0       0.38      0.25      0.30        48","chan":"stdout","logger":"task"}
{"timestamp":"2026-03-23T12:09:35.210327Z","level":"info","event":"           1       0.55      0.69      0.61        64","chan":"stdout","logger":"task"}
{"timestamp":"2026-03-23T12:09:35.210353Z","level":"info","event":"","chan":"stdout","logger":"task"}
{"timestamp":"2026-03-23T12:09:35.210378Z","level":"info","event":"    accuracy                           0.50       112","chan":"stdout","logger":"task"}
{"timestamp":"2026-03-23T12:09:35.210405Z","level":"info","event":"   macro avg       0.46      0.47      0.46       112","chan":"stdout","logger":"task"}
{"timestamp":"2026-03-23T12:09:35.210430Z","level":"info","event":"weighted avg       0.48      0.50      0.48       112","chan":"stdout","logger":"task"}
{"timestamp":"2026-03-23T12:09:35.210455Z","level":"info","event":"","chan":"stdout","logger":"task"}
{"timestamp":"2026-03-23T12:09:35.210759Z","level":"info","event":"","chan":"stdout","logger":"task"}
{"timestamp":"2026-03-23T12:09:35.210832Z","level":"info","event":"Feature importances:","chan":"stdout","logger":"task"}
{"timestamp":"2026-03-23T12:09:35.210871Z","level":"info","event":"  price_change_pct               0.515090","chan":"stdout","logger":"task"}
{"timestamp":"2026-03-23T12:09:35.210899Z","level":"info","event":"  prev_price_change_pct          0.484910","chan":"stdout","logger":"task"}
{"timestamp":"2026-03-23T12:09:35.210926Z","level":"info","event":"  sentiment_mean                 0.000000","chan":"stdout","logger":"task"}
{"timestamp":"2026-03-23T12:09:35.210951Z","level":"info","event":"  sentiment_min                  0.000000","chan":"stdout","logger":"task"}
{"timestamp":"2026-03-23T12:09:35.210976Z","level":"info","event":"  sentiment_max                  0.000000","chan":"stdout","logger":"task"}
{"timestamp":"2026-03-23T12:09:35.211001Z","level":"info","event":"  article_count                  0.000000","chan":"stdout","logger":"task"}
{"timestamp":"2026-03-23T12:09:35.211051Z","level":"info","event":"  prev_sentiment                 0.000000","chan":"stdout","logger":"task"}
{"timestamp":"2026-03-23T12:09:35.211090Z","level":"info","event":"  sentiment_7d_avg               0.000000","chan":"stdout","logger":"task"}
{"timestamp":"2026-03-23T12:09:35.217970Z","level":"info","event":"","chan":"stdout","logger":"task"}
{"timestamp":"2026-03-23T12:09:35.218096Z","level":"info","event":"Model saved → /home/mimou/airflow/mid-semester/models/gold_model_20260323.joblib","chan":"stdout","logger":"task"}
{"timestamp":"2026-03-23T12:09:35.218160Z","level":"info","event":"Latest link → /home/mimou/airflow/mid-semester/models/gold_model_latest.joblib","chan":"stdout","logger":"task"}
{"timestamp":"2026-03-23T12:09:35.218307Z","level":"info","event":"Metrics saved → /home/mimou/airflow/mid-semester/models/model_metrics_20260323.json","chan":"stdout","logger":"task"}
{"timestamp":"2026-03-23T12:09:35.218660","level":"info","event":"Done. Returned value was: None","logger":"airflow.task.operators.airflow.providers.standard.operators.python.PythonOperator"}
