{"timestamp":"2026-03-08T20:26:10.840205","level":"info","event":"DAG bundles loaded: dags-folder","logger":"airflow.dag_processing.bundles.manager.DagBundlesManager"}
{"timestamp":"2026-03-08T20:26:10.841124","level":"info","event":"Filling up the DagBag from /home/mimou/airflow/dags/07_supermarket_exercise.py","logger":"airflow.models.dagbag.DagBag"}
{"timestamp":"2026-03-08T20:26:10.886931","level":"warning","event":"Using Connection.get_connection_from_secrets from `airflow.models` is deprecated.Please use `get` on Connection from sdk(`airflow.sdk.Connection`) instead","category":"DeprecationWarning","filename":"/home/mimou/venvs/airflow_3.0.6/lib/python3.12/site-packages/airflow/models/connection.py","lineno":471,"logger":"py.warnings"}
{"timestamp":"2026-03-08T20:26:10.933230","level":"info","event":"Connection Retrieved 'fs_default'","logger":"airflow.hooks.base"}
{"timestamp":"2026-03-08T20:26:10.934295","level":"info","event":"Poking for file /home/mimou/airflow/data/supermarket1/_SUCCESS","logger":"airflow.task.operators.airflow.providers.standard.sensors.filesystem.FileSensor"}
{"timestamp":"2026-03-08T20:26:10.934770","level":"info","event":"Rescheduling task, marking task as UP_FOR_RESCHEDULE","logger":"task"}
{"timestamp":"2026-03-08T20:27:12.241901","level":"info","event":"DAG bundles loaded: dags-folder","logger":"airflow.dag_processing.bundles.manager.DagBundlesManager"}
{"timestamp":"2026-03-08T20:27:12.242684","level":"info","event":"Filling up the DagBag from /home/mimou/airflow/dags/07_supermarket_exercise.py","logger":"airflow.models.dagbag.DagBag"}
{"timestamp":"2026-03-08T20:27:12.365353","level":"warning","event":"Using Connection.get_connection_from_secrets from `airflow.models` is deprecated.Please use `get` on Connection from sdk(`airflow.sdk.Connection`) instead","category":"DeprecationWarning","filename":"/home/mimou/venvs/airflow_3.0.6/lib/python3.12/site-packages/airflow/models/connection.py","lineno":471,"logger":"py.warnings"}
{"timestamp":"2026-03-08T20:27:12.441811","level":"info","event":"Connection Retrieved 'fs_default'","logger":"airflow.hooks.base"}
{"timestamp":"2026-03-08T20:27:12.451106","level":"info","event":"Poking for file /home/mimou/airflow/data/supermarket1/_SUCCESS","logger":"airflow.task.operators.airflow.providers.standard.sensors.filesystem.FileSensor"}
{"timestamp":"2026-03-08T20:27:12.451621","level":"info","event":"Rescheduling task, marking task as UP_FOR_RESCHEDULE","logger":"task"}
{"timestamp":"2026-03-08T20:28:13.405843","level":"info","event":"DAG bundles loaded: dags-folder","logger":"airflow.dag_processing.bundles.manager.DagBundlesManager"}
{"timestamp":"2026-03-08T20:28:13.406343","level":"info","event":"Filling up the DagBag from /home/mimou/airflow/dags/07_supermarket_exercise.py","logger":"airflow.models.dagbag.DagBag"}
{"timestamp":"2026-03-08T20:28:13.453876","level":"warning","event":"Using Connection.get_connection_from_secrets from `airflow.models` is deprecated.Please use `get` on Connection from sdk(`airflow.sdk.Connection`) instead","category":"DeprecationWarning","filename":"/home/mimou/venvs/airflow_3.0.6/lib/python3.12/site-packages/airflow/models/connection.py","lineno":471,"logger":"py.warnings"}
{"timestamp":"2026-03-08T20:28:13.462112","level":"info","event":"Connection Retrieved 'fs_default'","logger":"airflow.hooks.base"}
{"timestamp":"2026-03-08T20:28:13.462795","level":"info","event":"Poking for file /home/mimou/airflow/data/supermarket1/_SUCCESS","logger":"airflow.task.operators.airflow.providers.standard.sensors.filesystem.FileSensor"}
{"timestamp":"2026-03-08T20:28:13.463184","level":"info","event":"Rescheduling task, marking task as UP_FOR_RESCHEDULE","logger":"task"}
{"timestamp":"2026-03-08T20:29:13.577313","level":"info","event":"DAG bundles loaded: dags-folder","logger":"airflow.dag_processing.bundles.manager.DagBundlesManager"}
{"timestamp":"2026-03-08T20:29:13.578100","level":"info","event":"Filling up the DagBag from /home/mimou/airflow/dags/07_supermarket_exercise.py","logger":"airflow.models.dagbag.DagBag"}
{"timestamp":"2026-03-08T20:29:13.643997","level":"warning","event":"Using Connection.get_connection_from_secrets from `airflow.models` is deprecated.Please use `get` on Connection from sdk(`airflow.sdk.Connection`) instead","category":"DeprecationWarning","filename":"/home/mimou/venvs/airflow_3.0.6/lib/python3.12/site-packages/airflow/models/connection.py","lineno":471,"logger":"py.warnings"}
{"timestamp":"2026-03-08T20:29:13.672326","level":"info","event":"Connection Retrieved 'fs_default'","logger":"airflow.hooks.base"}
{"timestamp":"2026-03-08T20:29:13.672945","level":"info","event":"Poking for file /home/mimou/airflow/data/supermarket1/_SUCCESS","logger":"airflow.task.operators.airflow.providers.standard.sensors.filesystem.FileSensor"}
{"timestamp":"2026-03-08T20:29:13.673445","level":"info","event":"Rescheduling task, marking task as UP_FOR_RESCHEDULE","logger":"task"}
{"timestamp":"2026-03-08T20:30:13.827850","level":"info","event":"DAG bundles loaded: dags-folder","logger":"airflow.dag_processing.bundles.manager.DagBundlesManager"}
{"timestamp":"2026-03-08T20:30:13.839729","level":"info","event":"Filling up the DagBag from /home/mimou/airflow/dags/07_supermarket_exercise.py","logger":"airflow.models.dagbag.DagBag"}
{"timestamp":"2026-03-08T20:30:13.900851","level":"warning","event":"Using Connection.get_connection_from_secrets from `airflow.models` is deprecated.Please use `get` on Connection from sdk(`airflow.sdk.Connection`) instead","category":"DeprecationWarning","filename":"/home/mimou/venvs/airflow_3.0.6/lib/python3.12/site-packages/airflow/models/connection.py","lineno":471,"logger":"py.warnings"}
{"timestamp":"2026-03-08T20:30:13.911676","level":"info","event":"Connection Retrieved 'fs_default'","logger":"airflow.hooks.base"}
{"timestamp":"2026-03-08T20:30:13.912295","level":"info","event":"Poking for file /home/mimou/airflow/data/supermarket1/_SUCCESS","logger":"airflow.task.operators.airflow.providers.standard.sensors.filesystem.FileSensor"}
{"timestamp":"2026-03-08T20:30:13.912637","level":"info","event":"Rescheduling task, marking task as UP_FOR_RESCHEDULE","logger":"task"}
{"timestamp":"2026-03-08T20:31:14.028198","level":"info","event":"DAG bundles loaded: dags-folder","logger":"airflow.dag_processing.bundles.manager.DagBundlesManager"}
{"timestamp":"2026-03-08T20:31:14.028929","level":"info","event":"Filling up the DagBag from /home/mimou/airflow/dags/07_supermarket_exercise.py","logger":"airflow.models.dagbag.DagBag"}
{"timestamp":"2026-03-08T20:31:14.079399","level":"warning","event":"Using Connection.get_connection_from_secrets from `airflow.models` is deprecated.Please use `get` on Connection from sdk(`airflow.sdk.Connection`) instead","category":"DeprecationWarning","filename":"/home/mimou/venvs/airflow_3.0.6/lib/python3.12/site-packages/airflow/models/connection.py","lineno":471,"logger":"py.warnings"}
{"timestamp":"2026-03-08T20:31:14.087165","level":"info","event":"Connection Retrieved 'fs_default'","logger":"airflow.hooks.base"}
{"timestamp":"2026-03-08T20:31:14.087848","level":"info","event":"Poking for file /home/mimou/airflow/data/supermarket1/_SUCCESS","logger":"airflow.task.operators.airflow.providers.standard.sensors.filesystem.FileSensor"}
{"timestamp":"2026-03-08T20:31:14.088186","level":"info","event":"Rescheduling task, marking task as UP_FOR_RESCHEDULE","logger":"task"}
{"timestamp":"2026-03-08T20:32:14.360543","level":"info","event":"DAG bundles loaded: dags-folder","logger":"airflow.dag_processing.bundles.manager.DagBundlesManager"}
{"timestamp":"2026-03-08T20:32:14.361140","level":"info","event":"Filling up the DagBag from /home/mimou/airflow/dags/07_supermarket_exercise.py","logger":"airflow.models.dagbag.DagBag"}
{"timestamp":"2026-03-08T20:32:14.409519","level":"warning","event":"Using Connection.get_connection_from_secrets from `airflow.models` is deprecated.Please use `get` on Connection from sdk(`airflow.sdk.Connection`) instead","category":"DeprecationWarning","filename":"/home/mimou/venvs/airflow_3.0.6/lib/python3.12/site-packages/airflow/models/connection.py","lineno":471,"logger":"py.warnings"}
{"timestamp":"2026-03-08T20:32:14.432105","level":"info","event":"Connection Retrieved 'fs_default'","logger":"airflow.hooks.base"}
{"timestamp":"2026-03-08T20:32:14.433048","level":"info","event":"Poking for file /home/mimou/airflow/data/supermarket1/_SUCCESS","logger":"airflow.task.operators.airflow.providers.standard.sensors.filesystem.FileSensor"}
{"timestamp":"2026-03-08T20:32:14.433287","level":"info","event":"Rescheduling task, marking task as UP_FOR_RESCHEDULE","logger":"task"}
{"timestamp":"2026-03-08T20:33:14.758121","level":"info","event":"DAG bundles loaded: dags-folder","logger":"airflow.dag_processing.bundles.manager.DagBundlesManager"}
{"timestamp":"2026-03-08T20:33:14.759001","level":"info","event":"Filling up the DagBag from /home/mimou/airflow/dags/07_supermarket_exercise.py","logger":"airflow.models.dagbag.DagBag"}
{"timestamp":"2026-03-08T20:33:14.812181","level":"warning","event":"Using Connection.get_connection_from_secrets from `airflow.models` is deprecated.Please use `get` on Connection from sdk(`airflow.sdk.Connection`) instead","category":"DeprecationWarning","filename":"/home/mimou/venvs/airflow_3.0.6/lib/python3.12/site-packages/airflow/models/connection.py","lineno":471,"logger":"py.warnings"}
{"timestamp":"2026-03-08T20:33:14.820356","level":"info","event":"Connection Retrieved 'fs_default'","logger":"airflow.hooks.base"}
{"timestamp":"2026-03-08T20:33:14.821128","level":"info","event":"Poking for file /home/mimou/airflow/data/supermarket1/_SUCCESS","logger":"airflow.task.operators.airflow.providers.standard.sensors.filesystem.FileSensor"}
{"timestamp":"2026-03-08T20:33:14.821493","level":"info","event":"Rescheduling task, marking task as UP_FOR_RESCHEDULE","logger":"task"}
{"timestamp":"2026-03-08T20:34:15.091145","level":"info","event":"DAG bundles loaded: dags-folder","logger":"airflow.dag_processing.bundles.manager.DagBundlesManager"}
{"timestamp":"2026-03-08T20:34:15.091911","level":"info","event":"Filling up the DagBag from /home/mimou/airflow/dags/07_supermarket_exercise.py","logger":"airflow.models.dagbag.DagBag"}
{"timestamp":"2026-03-08T20:34:15.149465","level":"warning","event":"Using Connection.get_connection_from_secrets from `airflow.models` is deprecated.Please use `get` on Connection from sdk(`airflow.sdk.Connection`) instead","category":"DeprecationWarning","filename":"/home/mimou/venvs/airflow_3.0.6/lib/python3.12/site-packages/airflow/models/connection.py","lineno":471,"logger":"py.warnings"}
{"timestamp":"2026-03-08T20:34:15.158170","level":"info","event":"Connection Retrieved 'fs_default'","logger":"airflow.hooks.base"}
{"timestamp":"2026-03-08T20:34:15.158721","level":"info","event":"Poking for file /home/mimou/airflow/data/supermarket1/_SUCCESS","logger":"airflow.task.operators.airflow.providers.standard.sensors.filesystem.FileSensor"}
{"timestamp":"2026-03-08T20:34:15.159052","level":"info","event":"Rescheduling task, marking task as UP_FOR_RESCHEDULE","logger":"task"}
{"timestamp":"2026-03-08T20:35:16.398863","level":"info","event":"DAG bundles loaded: dags-folder","logger":"airflow.dag_processing.bundles.manager.DagBundlesManager"}
{"timestamp":"2026-03-08T20:35:16.399542","level":"info","event":"Filling up the DagBag from /home/mimou/airflow/dags/07_supermarket_exercise.py","logger":"airflow.models.dagbag.DagBag"}
{"timestamp":"2026-03-08T20:35:16.631716","level":"warning","event":"Using Connection.get_connection_from_secrets from `airflow.models` is deprecated.Please use `get` on Connection from sdk(`airflow.sdk.Connection`) instead","category":"DeprecationWarning","filename":"/home/mimou/venvs/airflow_3.0.6/lib/python3.12/site-packages/airflow/models/connection.py","lineno":471,"logger":"py.warnings"}
{"timestamp":"2026-03-08T20:35:16.659806","level":"info","event":"Connection Retrieved 'fs_default'","logger":"airflow.hooks.base"}
{"timestamp":"2026-03-08T20:35:16.660753","level":"info","event":"Poking for file /home/mimou/airflow/data/supermarket1/_SUCCESS","logger":"airflow.task.operators.airflow.providers.standard.sensors.filesystem.FileSensor"}
{"timestamp":"2026-03-08T20:35:16.661379","level":"info","event":"Rescheduling task, marking task as UP_FOR_RESCHEDULE","logger":"task"}
{"timestamp":"2026-03-08T20:36:17.423087","level":"info","event":"DAG bundles loaded: dags-folder","logger":"airflow.dag_processing.bundles.manager.DagBundlesManager"}
{"timestamp":"2026-03-08T20:36:17.424191","level":"info","event":"Filling up the DagBag from /home/mimou/airflow/dags/07_supermarket_exercise.py","logger":"airflow.models.dagbag.DagBag"}
{"timestamp":"2026-03-08T20:36:17.482802","level":"warning","event":"Using Connection.get_connection_from_secrets from `airflow.models` is deprecated.Please use `get` on Connection from sdk(`airflow.sdk.Connection`) instead","category":"DeprecationWarning","filename":"/home/mimou/venvs/airflow_3.0.6/lib/python3.12/site-packages/airflow/models/connection.py","lineno":471,"logger":"py.warnings"}
{"timestamp":"2026-03-08T20:36:17.514062","level":"info","event":"Connection Retrieved 'fs_default'","logger":"airflow.hooks.base"}
{"timestamp":"2026-03-08T20:36:17.514838","level":"info","event":"Poking for file /home/mimou/airflow/data/supermarket1/_SUCCESS","logger":"airflow.task.operators.airflow.providers.standard.sensors.filesystem.FileSensor"}
{"timestamp":"2026-03-08T20:36:17.515459","level":"info","event":"Rescheduling task, marking task as UP_FOR_RESCHEDULE","logger":"task"}
{"timestamp":"2026-03-08T20:37:18.693604","level":"info","event":"DAG bundles loaded: dags-folder","logger":"airflow.dag_processing.bundles.manager.DagBundlesManager"}
{"timestamp":"2026-03-08T20:37:18.694214","level":"info","event":"Filling up the DagBag from /home/mimou/airflow/dags/07_supermarket_exercise.py","logger":"airflow.models.dagbag.DagBag"}
{"timestamp":"2026-03-08T20:37:18.747017","level":"warning","event":"Using Connection.get_connection_from_secrets from `airflow.models` is deprecated.Please use `get` on Connection from sdk(`airflow.sdk.Connection`) instead","category":"DeprecationWarning","filename":"/home/mimou/venvs/airflow_3.0.6/lib/python3.12/site-packages/airflow/models/connection.py","lineno":471,"logger":"py.warnings"}
{"timestamp":"2026-03-08T20:37:18.755423","level":"info","event":"Connection Retrieved 'fs_default'","logger":"airflow.hooks.base"}
{"timestamp":"2026-03-08T20:37:18.756164","level":"info","event":"Poking for file /home/mimou/airflow/data/supermarket1/_SUCCESS","logger":"airflow.task.operators.airflow.providers.standard.sensors.filesystem.FileSensor"}
{"timestamp":"2026-03-08T20:37:18.756518","level":"info","event":"Rescheduling task, marking task as UP_FOR_RESCHEDULE","logger":"task"}
{"timestamp":"2026-03-08T20:38:19.815982","level":"info","event":"DAG bundles loaded: dags-folder","logger":"airflow.dag_processing.bundles.manager.DagBundlesManager"}
{"timestamp":"2026-03-08T20:38:19.816798","level":"info","event":"Filling up the DagBag from /home/mimou/airflow/dags/07_supermarket_exercise.py","logger":"airflow.models.dagbag.DagBag"}
{"timestamp":"2026-03-08T20:38:19.861315","level":"warning","event":"Using Connection.get_connection_from_secrets from `airflow.models` is deprecated.Please use `get` on Connection from sdk(`airflow.sdk.Connection`) instead","category":"DeprecationWarning","filename":"/home/mimou/venvs/airflow_3.0.6/lib/python3.12/site-packages/airflow/models/connection.py","lineno":471,"logger":"py.warnings"}
{"timestamp":"2026-03-08T20:38:19.869581","level":"info","event":"Connection Retrieved 'fs_default'","logger":"airflow.hooks.base"}
{"timestamp":"2026-03-08T20:38:19.870208","level":"info","event":"Poking for file /home/mimou/airflow/data/supermarket1/_SUCCESS","logger":"airflow.task.operators.airflow.providers.standard.sensors.filesystem.FileSensor"}
{"timestamp":"2026-03-08T20:38:19.870519","level":"info","event":"Rescheduling task, marking task as UP_FOR_RESCHEDULE","logger":"task"}
{"timestamp":"2026-03-08T20:39:19.989312","level":"info","event":"DAG bundles loaded: dags-folder","logger":"airflow.dag_processing.bundles.manager.DagBundlesManager"}
{"timestamp":"2026-03-08T20:39:19.989910","level":"info","event":"Filling up the DagBag from /home/mimou/airflow/dags/07_supermarket_exercise.py","logger":"airflow.models.dagbag.DagBag"}
{"timestamp":"2026-03-08T20:39:20.047360","level":"warning","event":"Using Connection.get_connection_from_secrets from `airflow.models` is deprecated.Please use `get` on Connection from sdk(`airflow.sdk.Connection`) instead","category":"DeprecationWarning","filename":"/home/mimou/venvs/airflow_3.0.6/lib/python3.12/site-packages/airflow/models/connection.py","lineno":471,"logger":"py.warnings"}
{"timestamp":"2026-03-08T20:39:20.056512","level":"info","event":"Connection Retrieved 'fs_default'","logger":"airflow.hooks.base"}
{"timestamp":"2026-03-08T20:39:20.057288","level":"info","event":"Poking for file /home/mimou/airflow/data/supermarket1/_SUCCESS","logger":"airflow.task.operators.airflow.providers.standard.sensors.filesystem.FileSensor"}
{"timestamp":"2026-03-08T20:39:20.057773","level":"info","event":"Rescheduling task, marking task as UP_FOR_RESCHEDULE","logger":"task"}
{"timestamp":"2026-03-08T20:41:00.607960","level":"info","event":"DAG bundles loaded: dags-folder","logger":"airflow.dag_processing.bundles.manager.DagBundlesManager"}
{"timestamp":"2026-03-08T20:41:00.608748","level":"info","event":"Filling up the DagBag from /home/mimou/airflow/dags/07_supermarket_exercise.py","logger":"airflow.models.dagbag.DagBag"}
{"timestamp":"2026-03-08T20:41:00.689589","level":"warning","event":"Using Connection.get_connection_from_secrets from `airflow.models` is deprecated.Please use `get` on Connection from sdk(`airflow.sdk.Connection`) instead","category":"DeprecationWarning","filename":"/home/mimou/venvs/airflow_3.0.6/lib/python3.12/site-packages/airflow/models/connection.py","lineno":471,"logger":"py.warnings"}
{"timestamp":"2026-03-08T20:41:00.719885","level":"info","event":"Connection Retrieved 'fs_default'","logger":"airflow.hooks.base"}
{"timestamp":"2026-03-08T20:41:00.720814","level":"info","event":"Poking for file /home/mimou/airflow/data/supermarket1/_SUCCESS","logger":"airflow.task.operators.airflow.providers.standard.sensors.filesystem.FileSensor"}
{"timestamp":"2026-03-08T20:41:00.721155","level":"info","event":"Rescheduling task, marking task as UP_FOR_RESCHEDULE","logger":"task"}
{"timestamp":"2026-03-08T20:42:01.734550","level":"info","event":"DAG bundles loaded: dags-folder","logger":"airflow.dag_processing.bundles.manager.DagBundlesManager"}
{"timestamp":"2026-03-08T20:42:01.735228","level":"info","event":"Filling up the DagBag from /home/mimou/airflow/dags/07_supermarket_exercise.py","logger":"airflow.models.dagbag.DagBag"}
{"timestamp":"2026-03-08T20:42:01.819513","level":"warning","event":"Using Connection.get_connection_from_secrets from `airflow.models` is deprecated.Please use `get` on Connection from sdk(`airflow.sdk.Connection`) instead","category":"DeprecationWarning","filename":"/home/mimou/venvs/airflow_3.0.6/lib/python3.12/site-packages/airflow/models/connection.py","lineno":471,"logger":"py.warnings"}
{"timestamp":"2026-03-08T20:42:01.829081","level":"info","event":"Connection Retrieved 'fs_default'","logger":"airflow.hooks.base"}
{"timestamp":"2026-03-08T20:42:01.829701","level":"info","event":"Poking for file /home/mimou/airflow/data/supermarket1/_SUCCESS","logger":"airflow.task.operators.airflow.providers.standard.sensors.filesystem.FileSensor"}
{"timestamp":"2026-03-08T20:42:01.830092","level":"info","event":"Rescheduling task, marking task as UP_FOR_RESCHEDULE","logger":"task"}
{"timestamp":"2026-03-08T20:43:02.636646","level":"info","event":"DAG bundles loaded: dags-folder","logger":"airflow.dag_processing.bundles.manager.DagBundlesManager"}
{"timestamp":"2026-03-08T20:43:02.637141","level":"info","event":"Filling up the DagBag from /home/mimou/airflow/dags/07_supermarket_exercise.py","logger":"airflow.models.dagbag.DagBag"}
{"timestamp":"2026-03-08T20:43:02.688038","level":"warning","event":"Using Connection.get_connection_from_secrets from `airflow.models` is deprecated.Please use `get` on Connection from sdk(`airflow.sdk.Connection`) instead","category":"DeprecationWarning","filename":"/home/mimou/venvs/airflow_3.0.6/lib/python3.12/site-packages/airflow/models/connection.py","lineno":471,"logger":"py.warnings"}
{"timestamp":"2026-03-08T20:43:02.697142","level":"info","event":"Connection Retrieved 'fs_default'","logger":"airflow.hooks.base"}
{"timestamp":"2026-03-08T20:43:02.697810","level":"info","event":"Poking for file /home/mimou/airflow/data/supermarket1/_SUCCESS","logger":"airflow.task.operators.airflow.providers.standard.sensors.filesystem.FileSensor"}
{"timestamp":"2026-03-08T20:43:02.698144","level":"info","event":"Rescheduling task, marking task as UP_FOR_RESCHEDULE","logger":"task"}
{"timestamp":"2026-03-08T20:44:03.264562","level":"info","event":"DAG bundles loaded: dags-folder","logger":"airflow.dag_processing.bundles.manager.DagBundlesManager"}
{"timestamp":"2026-03-08T20:44:03.265212","level":"info","event":"Filling up the DagBag from /home/mimou/airflow/dags/07_supermarket_exercise.py","logger":"airflow.models.dagbag.DagBag"}
{"timestamp":"2026-03-08T20:44:03.324868","level":"warning","event":"Using Connection.get_connection_from_secrets from `airflow.models` is deprecated.Please use `get` on Connection from sdk(`airflow.sdk.Connection`) instead","category":"DeprecationWarning","filename":"/home/mimou/venvs/airflow_3.0.6/lib/python3.12/site-packages/airflow/models/connection.py","lineno":471,"logger":"py.warnings"}
{"timestamp":"2026-03-08T20:44:03.332175","level":"info","event":"Connection Retrieved 'fs_default'","logger":"airflow.hooks.base"}
{"timestamp":"2026-03-08T20:44:03.332686","level":"info","event":"Poking for file /home/mimou/airflow/data/supermarket1/_SUCCESS","logger":"airflow.task.operators.airflow.providers.standard.sensors.filesystem.FileSensor"}
{"timestamp":"2026-03-08T20:44:03.332907","level":"info","event":"Found File /home/mimou/airflow/data/supermarket1/_SUCCESS last modified: 20260308214343","logger":"airflow.task.operators.airflow.providers.standard.sensors.filesystem.FileSensor"}
{"timestamp":"2026-03-08T20:44:03.332990","level":"info","event":"Success criteria met. Exiting.","logger":"airflow.task.operators.airflow.providers.standard.sensors.filesystem.FileSensor"}
{"timestamp":"2026-03-08T20:44:03.333093","level":"info","event":"Poking for file /home/mimou/airflow/data/supermarket1/_SUCCESS","logger":"airflow.task.operators.airflow.providers.standard.sensors.filesystem.FileSensor"}
{"timestamp":"2026-03-08T20:44:03.333257","level":"info","event":"Found File /home/mimou/airflow/data/supermarket1/_SUCCESS last modified: 20260308214343","logger":"airflow.task.operators.airflow.providers.standard.sensors.filesystem.FileSensor"}
