{"timestamp":"2026-03-11T16:08:54.091365","level":"info","event":"DAG bundles loaded: dags-folder","logger":"airflow.dag_processing.bundles.manager.DagBundlesManager"}
{"timestamp":"2026-03-11T16:08:54.091874","level":"info","event":"Filling up the DagBag from /home/mimou/airflow/dags/gold_war_pipeline.py","logger":"airflow.models.dagbag.DagBag"}
{"timestamp":"2026-03-11T16:08:55.218179Z","level":"info","event":"Loaded training data: (549, 15)","chan":"stdout","logger":"task"}
{"timestamp":"2026-03-11T16:08:56.155273Z","level":"info","event":"  RandomForest: CV accuracy = 0.4898 ± 0.0126","chan":"stdout","logger":"task"}
{"timestamp":"2026-03-11T16:08:56.498861Z","level":"info","event":"  GradientBoosting: CV accuracy = 0.5398 ± 0.0160","chan":"stdout","logger":"task"}
{"timestamp":"2026-03-11T16:08:56.517686Z","level":"info","event":"  LogisticRegression: CV accuracy = 0.5102 ± 0.0485","chan":"stdout","logger":"task"}
{"timestamp":"2026-03-11T16:08:56.517844Z","level":"info","event":"","chan":"stdout","logger":"task"}
{"timestamp":"2026-03-11T16:08:56.517886Z","level":"info","event":"Best model: GradientBoosting (CV accuracy: 0.5398)","chan":"stdout","logger":"task"}
{"timestamp":"2026-03-11T16:08:56.592739Z","level":"info","event":"","chan":"stdout","logger":"task"}
{"timestamp":"2026-03-11T16:08:56.592879Z","level":"info","event":"Test accuracy : 0.5364","chan":"stdout","logger":"task"}
{"timestamp":"2026-03-11T16:08:56.592921Z","level":"info","event":"ROC-AUC       : 0.5147","chan":"stdout","logger":"task"}
{"timestamp":"2026-03-11T16:08:56.592947Z","level":"info","event":"","chan":"stdout","logger":"task"}
{"timestamp":"2026-03-11T16:08:56.593032Z","level":"info","event":"Classification Report:","chan":"stdout","logger":"task"}
{"timestamp":"2026-03-11T16:08:56.596770Z","level":"info","event":"              precision    recall  f1-score   support","chan":"stdout","logger":"task"}
{"timestamp":"2026-03-11T16:08:56.597231Z","level":"info","event":"","chan":"stdout","logger":"task"}
{"timestamp":"2026-03-11T16:08:56.597295Z","level":"info","event":"           0       0.36      0.29      0.32        42","chan":"stdout","logger":"task"}
{"timestamp":"2026-03-11T16:08:56.597322Z","level":"info","event":"           1       0.61      0.69      0.65        68","chan":"stdout","logger":"task"}
{"timestamp":"2026-03-11T16:08:56.597352Z","level":"info","event":"","chan":"stdout","logger":"task"}
{"timestamp":"2026-03-11T16:08:56.597378Z","level":"info","event":"    accuracy                           0.54       110","chan":"stdout","logger":"task"}
{"timestamp":"2026-03-11T16:08:56.597414Z","level":"info","event":"   macro avg       0.49      0.49      0.48       110","chan":"stdout","logger":"task"}
{"timestamp":"2026-03-11T16:08:56.597437Z","level":"info","event":"weighted avg       0.52      0.54      0.52       110","chan":"stdout","logger":"task"}
{"timestamp":"2026-03-11T16:08:56.597460Z","level":"info","event":"","chan":"stdout","logger":"task"}
{"timestamp":"2026-03-11T16:08:56.597532Z","level":"info","event":"","chan":"stdout","logger":"task"}
{"timestamp":"2026-03-11T16:08:56.597559Z","level":"info","event":"Feature importances:","chan":"stdout","logger":"task"}
{"timestamp":"2026-03-11T16:08:56.597584Z","level":"info","event":"  price_change_pct               0.550736","chan":"stdout","logger":"task"}
{"timestamp":"2026-03-11T16:08:56.597608Z","level":"info","event":"  prev_price_change_pct          0.449264","chan":"stdout","logger":"task"}
{"timestamp":"2026-03-11T16:08:56.597630Z","level":"info","event":"  sentiment_mean                 0.000000","chan":"stdout","logger":"task"}
{"timestamp":"2026-03-11T16:08:56.597651Z","level":"info","event":"  sentiment_min                  0.000000","chan":"stdout","logger":"task"}
{"timestamp":"2026-03-11T16:08:56.597673Z","level":"info","event":"  sentiment_max                  0.000000","chan":"stdout","logger":"task"}
{"timestamp":"2026-03-11T16:08:56.597694Z","level":"info","event":"  article_count                  0.000000","chan":"stdout","logger":"task"}
{"timestamp":"2026-03-11T16:08:56.597715Z","level":"info","event":"  prev_sentiment                 0.000000","chan":"stdout","logger":"task"}
{"timestamp":"2026-03-11T16:08:56.597744Z","level":"info","event":"  sentiment_7d_avg               0.000000","chan":"stdout","logger":"task"}
{"timestamp":"2026-03-11T16:08:56.604583Z","level":"info","event":"","chan":"stdout","logger":"task"}
{"timestamp":"2026-03-11T16:08:56.604711Z","level":"info","event":"Model saved → /home/mimou/airflow/mid-semester/models/gold_model_20260311.joblib","chan":"stdout","logger":"task"}
{"timestamp":"2026-03-11T16:08:56.604742Z","level":"info","event":"Latest link → /home/mimou/airflow/mid-semester/models/gold_model_latest.joblib","chan":"stdout","logger":"task"}
{"timestamp":"2026-03-11T16:08:56.604822Z","level":"info","event":"Metrics saved → /home/mimou/airflow/mid-semester/models/model_metrics_20260311.json","chan":"stdout","logger":"task"}
{"timestamp":"2026-03-11T16:08:56.605110","level":"info","event":"Done. Returned value was: None","logger":"airflow.task.operators.airflow.providers.standard.operators.python.PythonOperator"}
