{"timestamp":"2026-02-10T10:36:23.470460","level":"info","event":"DAG bundles loaded: dags-folder, example_dags","logger":"airflow.dag_processing.bundles.manager.DagBundlesManager"}
{"timestamp":"2026-02-10T10:36:23.471394","level":"info","event":"Filling up the DagBag from /home/mimou/venvs/airflow_3.0.6/lib/python3.12/site-packages/airflow/example_dags/tutorial.py","logger":"airflow.models.dagbag.DagBag"}
{"timestamp":"2026-02-10T10:36:23.525340Z","level":"info","event":"Task instance is in running state","chan":"stdout","logger":"task"}
{"timestamp":"2026-02-10T10:36:23.525477Z","level":"info","event":" Previous state of the Task instance: TaskInstanceState.QUEUED","chan":"stdout","logger":"task"}
{"timestamp":"2026-02-10T10:36:23.525627Z","level":"info","event":"Current task name:templated","chan":"stdout","logger":"task"}
{"timestamp":"2026-02-10T10:36:23.525731Z","level":"info","event":"Dag name:tutorial","chan":"stdout","logger":"task"}
{"timestamp":"2026-02-10T10:36:23.526176","level":"info","event":"Tmp dir root location: /tmp","logger":"airflow.task.hooks.airflow.providers.standard.hooks.subprocess.SubprocessHook"}
{"timestamp":"2026-02-10T10:36:23.527383","level":"info","event":"Running command: ['/usr/bin/bash', '-c', '\\n\\n    echo \"2026-02-10\"\\n    echo \"2026-02-17\"\\n\\n    echo \"2026-02-10\"\\n    echo \"2026-02-17\"\\n\\n    echo \"2026-02-10\"\\n    echo \"2026-02-17\"\\n\\n    echo \"2026-02-10\"\\n    echo \"2026-02-17\"\\n\\n    echo \"2026-02-10\"\\n    echo \"2026-02-17\"\\n']","logger":"airflow.task.hooks.airflow.providers.standard.hooks.subprocess.SubprocessHook"}
{"timestamp":"2026-02-10T10:36:23.532627","level":"info","event":"Output:","logger":"airflow.task.hooks.airflow.providers.standard.hooks.subprocess.SubprocessHook"}
{"timestamp":"2026-02-10T10:36:23.533251","level":"info","event":"2026-02-10","logger":"airflow.task.hooks.airflow.providers.standard.hooks.subprocess.SubprocessHook"}
{"timestamp":"2026-02-10T10:36:23.533379","level":"info","event":"2026-02-17","logger":"airflow.task.hooks.airflow.providers.standard.hooks.subprocess.SubprocessHook"}
{"timestamp":"2026-02-10T10:36:23.533435","level":"info","event":"2026-02-10","logger":"airflow.task.hooks.airflow.providers.standard.hooks.subprocess.SubprocessHook"}
{"timestamp":"2026-02-10T10:36:23.533479","level":"info","event":"2026-02-17","logger":"airflow.task.hooks.airflow.providers.standard.hooks.subprocess.SubprocessHook"}
{"timestamp":"2026-02-10T10:36:23.533528","level":"info","event":"2026-02-10","logger":"airflow.task.hooks.airflow.providers.standard.hooks.subprocess.SubprocessHook"}
{"timestamp":"2026-02-10T10:36:23.533577","level":"info","event":"2026-02-17","logger":"airflow.task.hooks.airflow.providers.standard.hooks.subprocess.SubprocessHook"}
{"timestamp":"2026-02-10T10:36:23.533620","level":"info","event":"2026-02-10","logger":"airflow.task.hooks.airflow.providers.standard.hooks.subprocess.SubprocessHook"}
{"timestamp":"2026-02-10T10:36:23.533661","level":"info","event":"2026-02-17","logger":"airflow.task.hooks.airflow.providers.standard.hooks.subprocess.SubprocessHook"}
{"timestamp":"2026-02-10T10:36:23.533701","level":"info","event":"2026-02-10","logger":"airflow.task.hooks.airflow.providers.standard.hooks.subprocess.SubprocessHook"}
{"timestamp":"2026-02-10T10:36:23.533743","level":"info","event":"2026-02-17","logger":"airflow.task.hooks.airflow.providers.standard.hooks.subprocess.SubprocessHook"}
{"timestamp":"2026-02-10T10:36:23.533867","level":"info","event":"Command exited with return code 0","logger":"airflow.task.hooks.airflow.providers.standard.hooks.subprocess.SubprocessHook"}
{"timestamp":"2026-02-10T10:36:23.534709","level":"info","event":"Pushing xcom","ti":"RuntimeTaskInstance(id=UUID('019c471f-9a86-735b-8846-e02cf59553ae'), task_id='templated', dag_id='tutorial', run_id='manual__2026-02-10T10:36:19.437227+00:00', try_number=1, map_index=-1, hostname='Mimou.localdomain', context_carrier=None, task=<Task(BashOperator): templated>, bundle_instance=LocalDagBundle(name=example_dags), max_tries=1, start_date=datetime.datetime(2026, 2, 10, 10, 36, 22, 512085, tzinfo=datetime.timezone.utc), end_date=None, state=<TaskInstanceState.RUNNING: 'running'>, is_mapped=False, rendered_map_index=None, log_url='http://localhost:8080/dags/tutorial/runs/manual__2026-02-10T10%3A36%3A19.437227%2B00%3A00/tasks/templated?try_number=1')","logger":"task"}
{"timestamp":"2026-02-10T10:36:23.578273Z","level":"info","event":"Task instance in success state","chan":"stdout","logger":"task"}
{"timestamp":"2026-02-10T10:36:23.578393Z","level":"info","event":" Previous state of the Task instance: TaskInstanceState.RUNNING","chan":"stdout","logger":"task"}
{"timestamp":"2026-02-10T10:36:23.578684Z","level":"info","event":"Task operator:<Task(BashOperator): templated>","chan":"stdout","logger":"task"}
