{"timestamp":"2026-03-08T20:41:11.940826","level":"info","event":"DAG bundles loaded: dags-folder","logger":"airflow.dag_processing.bundles.manager.DagBundlesManager"}
{"timestamp":"2026-03-08T20:41:11.941699","level":"info","event":"Filling up the DagBag from /home/mimou/airflow/dags/07_supermarket_exercise.py","logger":"airflow.models.dagbag.DagBag"}
{"timestamp":"2026-03-08T20:41:12.012376","level":"warning","event":"Using Connection.get_connection_from_secrets from `airflow.models` is deprecated.Please use `get` on Connection from sdk(`airflow.sdk.Connection`) instead","category":"DeprecationWarning","filename":"/home/mimou/venvs/airflow_3.0.6/lib/python3.12/site-packages/airflow/models/connection.py","lineno":471,"logger":"py.warnings"}
{"timestamp":"2026-03-08T20:41:12.094268","level":"info","event":"Connection Retrieved 'fs_default'","logger":"airflow.hooks.base"}
{"timestamp":"2026-03-08T20:41:12.095170","level":"info","event":"Poking for file /home/mimou/airflow/data/supermarket1/_SUCCESS","logger":"airflow.task.operators.airflow.providers.standard.sensors.filesystem.FileSensor"}
{"timestamp":"2026-03-08T20:41:12.095611","level":"info","event":"Rescheduling task, marking task as UP_FOR_RESCHEDULE","logger":"task"}
{"timestamp":"2026-03-08T20:42:13.099000","level":"info","event":"DAG bundles loaded: dags-folder","logger":"airflow.dag_processing.bundles.manager.DagBundlesManager"}
{"timestamp":"2026-03-08T20:42:13.099975","level":"info","event":"Filling up the DagBag from /home/mimou/airflow/dags/07_supermarket_exercise.py","logger":"airflow.models.dagbag.DagBag"}
{"timestamp":"2026-03-08T20:42:13.152536","level":"warning","event":"Using Connection.get_connection_from_secrets from `airflow.models` is deprecated.Please use `get` on Connection from sdk(`airflow.sdk.Connection`) instead","category":"DeprecationWarning","filename":"/home/mimou/venvs/airflow_3.0.6/lib/python3.12/site-packages/airflow/models/connection.py","lineno":471,"logger":"py.warnings"}
{"timestamp":"2026-03-08T20:42:13.160456","level":"info","event":"Connection Retrieved 'fs_default'","logger":"airflow.hooks.base"}
{"timestamp":"2026-03-08T20:42:13.161115","level":"info","event":"Poking for file /home/mimou/airflow/data/supermarket1/_SUCCESS","logger":"airflow.task.operators.airflow.providers.standard.sensors.filesystem.FileSensor"}
{"timestamp":"2026-03-08T20:42:13.161520","level":"info","event":"Rescheduling task, marking task as UP_FOR_RESCHEDULE","logger":"task"}
{"timestamp":"2026-03-08T20:43:13.432756","level":"info","event":"DAG bundles loaded: dags-folder","logger":"airflow.dag_processing.bundles.manager.DagBundlesManager"}
{"timestamp":"2026-03-08T20:43:13.433316","level":"info","event":"Filling up the DagBag from /home/mimou/airflow/dags/07_supermarket_exercise.py","logger":"airflow.models.dagbag.DagBag"}
{"timestamp":"2026-03-08T20:43:13.487365","level":"warning","event":"Using Connection.get_connection_from_secrets from `airflow.models` is deprecated.Please use `get` on Connection from sdk(`airflow.sdk.Connection`) instead","category":"DeprecationWarning","filename":"/home/mimou/venvs/airflow_3.0.6/lib/python3.12/site-packages/airflow/models/connection.py","lineno":471,"logger":"py.warnings"}
{"timestamp":"2026-03-08T20:43:13.513721","level":"info","event":"Connection Retrieved 'fs_default'","logger":"airflow.hooks.base"}
{"timestamp":"2026-03-08T20:43:13.514506","level":"info","event":"Poking for file /home/mimou/airflow/data/supermarket1/_SUCCESS","logger":"airflow.task.operators.airflow.providers.standard.sensors.filesystem.FileSensor"}
{"timestamp":"2026-03-08T20:43:13.514891","level":"info","event":"Rescheduling task, marking task as UP_FOR_RESCHEDULE","logger":"task"}
{"timestamp":"2026-03-08T20:44:13.713413","level":"info","event":"DAG bundles loaded: dags-folder","logger":"airflow.dag_processing.bundles.manager.DagBundlesManager"}
{"timestamp":"2026-03-08T20:44:13.714064","level":"info","event":"Filling up the DagBag from /home/mimou/airflow/dags/07_supermarket_exercise.py","logger":"airflow.models.dagbag.DagBag"}
{"timestamp":"2026-03-08T20:44:13.767447","level":"warning","event":"Using Connection.get_connection_from_secrets from `airflow.models` is deprecated.Please use `get` on Connection from sdk(`airflow.sdk.Connection`) instead","category":"DeprecationWarning","filename":"/home/mimou/venvs/airflow_3.0.6/lib/python3.12/site-packages/airflow/models/connection.py","lineno":471,"logger":"py.warnings"}
{"timestamp":"2026-03-08T20:44:13.775502","level":"info","event":"Connection Retrieved 'fs_default'","logger":"airflow.hooks.base"}
{"timestamp":"2026-03-08T20:44:13.776131","level":"info","event":"Poking for file /home/mimou/airflow/data/supermarket1/_SUCCESS","logger":"airflow.task.operators.airflow.providers.standard.sensors.filesystem.FileSensor"}
{"timestamp":"2026-03-08T20:44:13.776375","level":"info","event":"Found File /home/mimou/airflow/data/supermarket1/_SUCCESS last modified: 20260308214343","logger":"airflow.task.operators.airflow.providers.standard.sensors.filesystem.FileSensor"}
{"timestamp":"2026-03-08T20:44:13.776473","level":"info","event":"Success criteria met. Exiting.","logger":"airflow.task.operators.airflow.providers.standard.sensors.filesystem.FileSensor"}
{"timestamp":"2026-03-08T20:44:13.776538","level":"info","event":"Poking for file /home/mimou/airflow/data/supermarket1/_SUCCESS","logger":"airflow.task.operators.airflow.providers.standard.sensors.filesystem.FileSensor"}
{"timestamp":"2026-03-08T20:44:13.776628","level":"info","event":"Found File /home/mimou/airflow/data/supermarket1/_SUCCESS last modified: 20260308214343","logger":"airflow.task.operators.airflow.providers.standard.sensors.filesystem.FileSensor"}
